Using pre-set license
Built from '2022.3/staging' branch; Version is '2022.3.62f1 (4af31df58517) revision 4911901'; Using compiler version '192829333'; Build Type 'Release'
OS: 'Windows 11  (10.0.22631) 64bit CoreSingleLanguage' Language: 'ru' Physical Memory: 15791 MB
BatchMode: 1, IsHumanControllingUs: 0, StartBugReporterOnCrash: 0, Is64bit: 1, IsPro: 1

COMMAND LINE ARGUMENTS:
C:\Program Files\Unity\Hub\Editor\2022.3.62f1\Editor\Unity.exe
-adb2
-batchMode
-noUpm
-name
AssetImportWorker1
-projectPath
C:/Users/galee/OneDrive/Рабочий стол/GSS/Projects/Screenwriter
-logFile
Logs/AssetImportWorker1.log
-srvPort
61313
Successfully changed project path to: C:/Users/galee/OneDrive/Рабочий стол/GSS/Projects/Screenwriter
C:/Users/galee/OneDrive/Рабочий стол/GSS/Projects/Screenwriter
[UnityMemory] Configuration Parameters - Can be set up in boot.config
    "memorysetup-bucket-allocator-granularity=16"
    "memorysetup-bucket-allocator-bucket-count=8"
    "memorysetup-bucket-allocator-block-size=33554432"
    "memorysetup-bucket-allocator-block-count=8"
    "memorysetup-main-allocator-block-size=16777216"
    "memorysetup-thread-allocator-block-size=16777216"
    "memorysetup-gfx-main-allocator-block-size=16777216"
    "memorysetup-gfx-thread-allocator-block-size=16777216"
    "memorysetup-cache-allocator-block-size=4194304"
    "memorysetup-typetree-allocator-block-size=2097152"
    "memorysetup-profiler-bucket-allocator-granularity=16"
    "memorysetup-profiler-bucket-allocator-bucket-count=8"
    "memorysetup-profiler-bucket-allocator-block-size=33554432"
    "memorysetup-profiler-bucket-allocator-block-count=8"
    "memorysetup-profiler-allocator-block-size=16777216"
    "memorysetup-profiler-editor-allocator-block-size=1048576"
    "memorysetup-temp-allocator-size-main=16777216"
    "memorysetup-job-temp-allocator-block-size=2097152"
    "memorysetup-job-temp-allocator-block-size-background=1048576"
    "memorysetup-job-temp-allocator-reduction-small-platforms=262144"
    "memorysetup-allocator-temp-initial-block-size-main=262144"
    "memorysetup-allocator-temp-initial-block-size-worker=262144"
    "memorysetup-temp-allocator-size-background-worker=32768"
    "memorysetup-temp-allocator-size-job-worker=262144"
    "memorysetup-temp-allocator-size-preload-manager=33554432"
    "memorysetup-temp-allocator-size-nav-mesh-worker=65536"
    "memorysetup-temp-allocator-size-audio-worker=65536"
    "memorysetup-temp-allocator-size-cloud-worker=32768"
    "memorysetup-temp-allocator-size-gi-baking-worker=262144"
    "memorysetup-temp-allocator-size-gfx=262144"
Player connection [38972]  Target information:

Player connection [38972]  * "[IP] 26.15.136.181 [Port] 0 [Flags] 2 [Guid] 3598376585 [EditorId] 3598376585 [Version] 1048832 [Id] WindowsEditor(7,LAPTOP-R7AT6JRJ) [Debug] 1 [PackageName] WindowsEditor [ProjectName] Editor" 

Player connection [38972]  * "[IP] 10.82.5.114 [Port] 0 [Flags] 2 [Guid] 3598376585 [EditorId] 3598376585 [Version] 1048832 [Id] WindowsEditor(7,LAPTOP-R7AT6JRJ) [Debug] 1 [PackageName] WindowsEditor [ProjectName] Editor" 

Player connection [38972] Host joined multi-casting on [225.0.0.222:54997]...
Player connection [38972] Host joined alternative multi-casting on [225.0.0.222:34997]...
Input System module state changed to: Initialized.
[PhysX] Initialized MultithreadedTaskDispatcher with 16 workers.
Refreshing native plugins compatible for Editor in 17.78 ms, found 3 plugins.
Preloading 0 native plugins for Editor in 0.00 ms.
Initialize engine version: 2022.3.62f1 (4af31df58517)
[Subsystems] Discovering subsystems at path C:/Program Files/Unity/Hub/Editor/2022.3.62f1/Editor/Data/Resources/UnitySubsystems
[Subsystems] Discovering subsystems at path C:/Users/galee/OneDrive/Рабочий стол/GSS/Projects/Screenwriter/Assets
GfxDevice: creating device client; threaded=0; jobified=0
Direct3D:
    Version:  Direct3D 11.0 [level 11.1]
    Renderer: NVIDIA GeForce RTX 3050 Ti Laptop GPU (ID=0x25a0)
    Vendor:   NVIDIA
    VRAM:     3962 MB
    Driver:   32.0.15.6607
Initialize mono
Mono path[0] = 'C:/Program Files/Unity/Hub/Editor/2022.3.62f1/Editor/Data/Managed'
Mono path[1] = 'C:/Program Files/Unity/Hub/Editor/2022.3.62f1/Editor/Data/MonoBleedingEdge/lib/mono/unityjit-win32'
Mono config path = 'C:/Program Files/Unity/Hub/Editor/2022.3.62f1/Editor/Data/MonoBleedingEdge/etc'
Using monoOptions --debugger-agent=transport=dt_socket,embedding=1,server=y,suspend=n,address=127.0.0.1:56856
Begin MonoManager ReloadAssembly
Registering precompiled unity dll's ...
Register platform support module: C:/Program Files/Unity/Hub/Editor/2022.3.62f1/Editor/Data/PlaybackEngines/WindowsStandaloneSupport/UnityEditor.WindowsStandalone.Extensions.dll
Registered in 0.007132 seconds.
- Loaded All Assemblies, in  0.573 seconds
Native extension for WindowsStandalone target not found
Mono: successfully reloaded assembly
- Finished resetting the current domain, in  0.450 seconds
Domain Reload Profiling: 1021ms
	BeginReloadAssembly (162ms)
		ExecutionOrderSort (0ms)
		DisableScriptedObjects (0ms)
		BackupInstance (0ms)
		ReleaseScriptingObjects (0ms)
		CreateAndSetChildDomain (1ms)
	RebuildCommonClasses (69ms)
	RebuildNativeTypeToScriptingClass (16ms)
	initialDomainReloadingComplete (91ms)
	LoadAllAssembliesAndSetupDomain (233ms)
		LoadAssemblies (160ms)
		RebuildTransferFunctionScriptingTraits (0ms)
		AnalyzeDomain (231ms)
			TypeCache.Refresh (229ms)
				TypeCache.ScanAssembly (211ms)
			ScanForSourceGeneratedMonoScriptInfo (1ms)
			ResolveRequiredComponents (1ms)
	FinalizeReload (450ms)
		ReleaseScriptCaches (0ms)
		RebuildScriptCaches (0ms)
		SetupLoadedEditorAssemblies (374ms)
			LogAssemblyErrors (0ms)
			InitializePlatformSupportModulesInManaged (17ms)
			SetLoadedEditorAssemblies (11ms)
			RefreshPlugins (0ms)
			BeforeProcessingInitializeOnLoad (4ms)
			ProcessInitializeOnLoadAttributes (260ms)
			ProcessInitializeOnLoadMethodAttributes (81ms)
			AfterProcessingInitializeOnLoad (0ms)
			EditorAssembliesLoaded (0ms)
		ExecutionOrderSort2 (0ms)
		AwakeInstancesAfterBackupRestoration (0ms)
========================================================================
Worker process is ready to serve import requests
Caller must complete domain reload
Begin MonoManager ReloadAssembly
- Loaded All Assemblies, in  1.496 seconds
Native extension for WindowsStandalone target not found
Mono: successfully reloaded assembly
- Finished resetting the current domain, in  1.283 seconds
Domain Reload Profiling: 2777ms
	BeginReloadAssembly (198ms)
		ExecutionOrderSort (0ms)
		DisableScriptedObjects (11ms)
		BackupInstance (0ms)
		ReleaseScriptingObjects (0ms)
		CreateAndSetChildDomain (27ms)
	RebuildCommonClasses (42ms)
	RebuildNativeTypeToScriptingClass (15ms)
	initialDomainReloadingComplete (57ms)
	LoadAllAssembliesAndSetupDomain (1180ms)
		LoadAssemblies (734ms)
		RebuildTransferFunctionScriptingTraits (0ms)
		AnalyzeDomain (560ms)
			TypeCache.Refresh (492ms)
				TypeCache.ScanAssembly (456ms)
			ScanForSourceGeneratedMonoScriptInfo (45ms)
			ResolveRequiredComponents (20ms)
	FinalizeReload (1283ms)
		ReleaseScriptCaches (0ms)
		RebuildScriptCaches (0ms)
		SetupLoadedEditorAssemblies (1020ms)
			LogAssemblyErrors (0ms)
			InitializePlatformSupportModulesInManaged (16ms)
			SetLoadedEditorAssemblies (9ms)
			RefreshPlugins (0ms)
			BeforeProcessingInitializeOnLoad (223ms)
			ProcessInitializeOnLoadAttributes (686ms)
			ProcessInitializeOnLoadMethodAttributes (80ms)
			AfterProcessingInitializeOnLoad (5ms)
			EditorAssembliesLoaded (0ms)
		ExecutionOrderSort2 (0ms)
		AwakeInstancesAfterBackupRestoration (18ms)
WARNING: Shader Unsupported: 'Hidden/Universal Render Pipeline/Terrain/Lit (Base Pass)' - All subshaders removed
WARNING: Shader Did you use #pragma only_renderers and omit this platform?
WARNING: Shader If subshaders removal was intentional, you may have forgotten turning Fallback off?
WARNING: Shader Unsupported: 'Hidden/Universal Render Pipeline/Terrain/Lit (Base Pass)' - All subshaders removed
WARNING: Shader Did you use #pragma only_renderers and omit this platform?
WARNING: Shader If subshaders removal was intentional, you may have forgotten turning Fallback off?
WARNING: Shader Unsupported: 'Universal Render Pipeline/Terrain/Lit' - All subshaders removed
WARNING: Shader Did you use #pragma only_renderers and omit this platform?
WARNING: Shader If subshaders removal was intentional, you may have forgotten turning Fallback off?
WARNING: Shader Unsupported: 'Universal Render Pipeline/Terrain/Lit' - All subshaders removed
WARNING: Shader Did you use #pragma only_renderers and omit this platform?
WARNING: Shader If subshaders removal was intentional, you may have forgotten turning Fallback off?
Launched and connected shader compiler UnityShaderCompiler.exe after 0.07 seconds
Refreshing native plugins compatible for Editor in 6.28 ms, found 3 plugins.
Preloading 0 native plugins for Editor in 0.00 ms.
Unloading 5625 Unused Serialized files (Serialized files now loaded: 0)
Unloading 44 unused Assets / (0.8 MB). Loaded Objects now: 6083.
Memory consumption went from 201.8 MB to 201.0 MB.
Total: 5.273200 ms (FindLiveObjects: 0.687000 ms CreateObjectMapping: 0.314500 ms MarkObjects: 3.805500 ms  DeleteObjects: 0.464500 ms)

AssetImportParameters requested are different than current active one (requested -> active):
  custom:container-demuxer-ogg: 62fdf1f143b41e24485cea50d1cbac27 -> 
  custom:video-codec-MediaFoundation-h265: 746d11721c4dcdbdad8f713fa42b33f4 -> 
  custom:video-decoder-ogg-theora: a1e56fd34408186e4bbccfd4996cb3dc -> 
  custom:framework-win-MediaFoundation: 216162199b28c13a410421893ffa2e32 -> 
  custom:CustomObjectIndexerAttribute: 72b91833f83ae208fae7752999fa3104 -> 
  custom:container-demuxer-webm: 4f35f7cbe854078d1ac9338744f61a02 -> 
  custom:container-muxer-webm: aa71ff27fc2769a1b78a27578f13a17b -> 
  custom:video-decoder-webm-vp8: 9c59270c3fd7afecdb556c50c9e8de78 -> 
  custom:SearchIndexIgnoredProperties: e643bd26f0fe6173181afceb89e7c659 -> 
  custom:AudioImporter_EditorPlatform: d09bf68614088b80899f8185d706f6e7 -> 
  custom:video-encoder-webm-vp8: eb34c28f22e8b96e1ab97ce403110664 -> 
  custom:audio-decoder-ogg-vorbis: bf7c407c2cedff20999df2af8eb42d56 -> 
  custom:audio-encoder-webm-vorbis: bf7c407c2cedff20999df2af8eb42d56 -> 
========================================================================
Received Import Request.
  Time since last request: 202704.306422 seconds.
  path: Assets/Scenes
  artifactKey: Guid(69d48922a9ba31d46a959b0fa9e71461) Importer(815301076,1909f56bfc062723c751e8b465ee728b)
Start importing Assets/Scenes using Guid(69d48922a9ba31d46a959b0fa9e71461) Importer(815301076,1909f56bfc062723c751e8b465ee728b) [PhysX] Initialized MultithreadedTaskDispatcher with 16 workers.
 -> (artifact id: '7628e2d763fe8345efc12f242727a362') in 0.003159 seconds
Number of updated asset objects reloaded before import = 0
Number of asset objects unloaded after import = 0
========================================================================
Received Prepare
Caller must complete domain reload
Begin MonoManager ReloadAssembly
- Loaded All Assemblies, in  1.172 seconds
Native extension for WindowsStandalone target not found
Mono: successfully reloaded assembly
- Finished resetting the current domain, in  3.054 seconds
Domain Reload Profiling: 4220ms
	BeginReloadAssembly (291ms)
		ExecutionOrderSort (0ms)
		DisableScriptedObjects (5ms)
		BackupInstance (0ms)
		ReleaseScriptingObjects (0ms)
		CreateAndSetChildDomain (59ms)
	RebuildCommonClasses (61ms)
	RebuildNativeTypeToScriptingClass (32ms)
	initialDomainReloadingComplete (72ms)
	LoadAllAssembliesAndSetupDomain (709ms)
		LoadAssemblies (819ms)
		RebuildTransferFunctionScriptingTraits (0ms)
		AnalyzeDomain (76ms)
			TypeCache.Refresh (19ms)
				TypeCache.ScanAssembly (3ms)
			ScanForSourceGeneratedMonoScriptInfo (37ms)
			ResolveRequiredComponents (18ms)
	FinalizeReload (3055ms)
		ReleaseScriptCaches (0ms)
		RebuildScriptCaches (0ms)
		SetupLoadedEditorAssemblies (850ms)
			LogAssemblyErrors (0ms)
			InitializePlatformSupportModulesInManaged (7ms)
			SetLoadedEditorAssemblies (8ms)
			RefreshPlugins (0ms)
			BeforeProcessingInitializeOnLoad (179ms)
			ProcessInitializeOnLoadAttributes (579ms)
			ProcessInitializeOnLoadMethodAttributes (71ms)
			AfterProcessingInitializeOnLoad (6ms)
			EditorAssembliesLoaded (0ms)
		ExecutionOrderSort2 (0ms)
		AwakeInstancesAfterBackupRestoration (6ms)
Refreshing native plugins compatible for Editor in 9.13 ms, found 5 plugins.
Preloading 0 native plugins for Editor in 0.00 ms.
Unloading 5771 Unused Serialized files (Serialized files now loaded: 0)
Unloading 35 unused Assets / (1.1 MB). Loaded Objects now: 6324.
Memory consumption went from 201.2 MB to 200.1 MB.
Total: 4.863500 ms (FindLiveObjects: 0.482800 ms CreateObjectMapping: 0.174100 ms MarkObjects: 3.431500 ms  DeleteObjects: 0.773200 ms)

Prepare: number of updated asset objects reloaded= 0
AssetImportParameters requested are different than current active one (requested -> active):
  custom:scripting/monoscript/fileName/UIControlCategoryHeader.cs: 2023adafcdf92a1e5a3363df587172c7 -> 
  custom:scripting/monoscript/fileName/ScannerUseHandler.cs: 49da2e1bbc7e061711ca7e7e315be16c -> 
  custom:scripting/monoscript/fileName/SettingContainer.cs: d09bd13b7f06015d6a786683b8acc458 -> 
  custom:scripting/monoscript/fileName/UISoundSettingScreen.cs: 75d74bb0158bdf6a0bf3841b5a520bb2 -> 
  custom:scripting/monoscript/fileName/UAP_SelectionGroup.cs: 003b995697670effc48e0f4c6375edb8 -> 
  custom:scripting/monoscript/fileName/ReserializeAll.cs: 71a8252e14efb77681b3e8cf1a567af2 -> 
  custom:container-demuxer-ogg: 62fdf1f143b41e24485cea50d1cbac27 -> 
  custom:scripting/monoscript/fileName/UIThemePrefabText.cs: 1b45186a7198cc79870b6df7557a6bf1 -> 
  custom:scripting/monoscript/fileName/SubtitleMixerBehaviour.cs: ffad2d0a2e2f2b934e5a3961918b62b5 -> 
  custom:scripting/monoscript/fileName/UIInventoryEntry.cs: 51fdca09a666100f9149542d1b607ebd -> 
  custom:scripting/monoscript/fileName/UIGameSettingScreen.cs: f16297a5c21b7b3bda01d2ac035e1679 -> 
  custom:scripting/monoscript/fileName/UILogEntry.cs: 2b6e2e992176ee73537b5f602ad6e6c7 -> 
  custom:scripting/monoscript/fileName/UAP_CustomTTS.cs: ef942ee7c01f26bc5db5094847e98cde -> 
  custom:scripting/monoscript/fileName/iOSGestures.cs: f02e70daab5ffd7ad64adb91e257308b -> 
  custom:scripting/monoscript/fileName/ConversationChoices.cs: 08a3040b2a82fff63b437025b41f51b8 -> 
  custom:scripting/monoscript/fileName/AccessibleDropdown.cs: 5178a94ea8827ffb8905cb41184faf0b -> 
  custom:video-codec-MediaFoundation-h265: 746d11721c4dcdbdad8f713fa42b33f4 -> 
  custom:scripting/monoscript/fileName/AudioManager.cs: f5e416fd210f0e3b7204d6967aa91cec -> 
  custom:scripting/monoscript/fileName/UIHelpers.cs: b467567be9e1d74cbe35e15266bb437a -> 
  custom:scripting/monoscript/fileName/Accessibility_EditorFunctions.cs: c6efe357ff47fe8fd9314c9c9c15b03a -> 
  custom:scripting/monoscript/fileName/DataReference.cs: 238436edf334193f622735b4b50bd6f1 -> 
  custom:scripting/monoscript/fileName/UIControlSettingBase.cs: 6e7efbd639fc2e1dfb4246ca0f076e20 -> 
  custom:scripting/monoscript/fileName/UAP_BackCloseEventListener.cs: a7dae07d1d4c3a5d619865d203380f27 -> 
  custom:scripting/monoscript/fileName/VirtualCameraMapping.cs: a2173c96934ab0b2b1dd5d982a106876 -> 
  custom:scripting/monoscript/fileName/BaseInteractiveObject.cs: 0702be75262241b893466e47ab9d7115 -> 
  custom:scripting/monoscript/fileName/UIBottomBar.cs: 563310a1db726c89bd5b753c0522d710 -> 
  custom:scripting/monoscript/fileName/Accessibility_Toggle_Inspector.cs: bbef43db2e9760fc7c21a528965da8be -> 
  custom:scripting/monoscript/fileName/UIEndScreen.cs: bf989edd7e0270698589a6674da952a4 -> 
  custom:scripting/monoscript/fileName/InitSystem.cs: 436add8109bc38a7f743aea20c624c6b -> 
  custom:video-decoder-ogg-theora: a1e56fd34408186e4bbccfd4996cb3dc -> 
  custom:scripting/monoscript/fileName/UITooltipPopup.cs: 063f2ccde20c4ec937ffb3e89456bfd8 -> 
  custom:scripting/monoscript/fileName/SubtitleClip.cs: 35640928a8b032bd70b6986d764ccf06 -> 
  custom:scripting/monoscript/fileName/UIComponentInfo.cs: 7da5aa31d0b07d3bb7acaea13f4c946b -> 
  custom:scripting/monoscript/fileName/ToggleElementInfo.cs: 6afd093fba6b4c5510a7a3a574497638 -> 
  custom:framework-win-MediaFoundation: 216162199b28c13a410421893ffa2e32 -> 
  custom:scripting/monoscript/fileName/UIGamepadControlSettingScreen.cs: 2c16cb0859821131063bf37d544c4cb9 -> 
  custom:scripting/monoscript/fileName/AccessibleLabel.cs: 14dc7d55971614e2c68dc32c8a63c549 -> 
  custom:scripting/monoscript/fileName/UAP_BaseElement.cs: e0168bc67cabb56f985a6dbd14d30774 -> 
  custom:scripting/monoscript/fileName/VisualManager.cs: 1079b49ceb8335b9e3b73d7c517fb0e5 -> 
  custom:scripting/monoscript/fileName/SubtitleDrawer.cs: fcdf10931ba5865caeb7a3edfc86970b -> 
  custom:scripting/monoscript/fileName/AnimationController.cs: be29773a7bd4850d65244c939b1d7fbf -> 
  custom:scripting/monoscript/fileName/TeleporterPoint.cs: a6c7222c253024aeb7b65fef61f7f076 -> 
  custom:scripting/monoscript/fileName/EditorUIThemeApplier.cs: 95e6ad177a231b3b3f255076769d1b39 -> 
  custom:scripting/monoscript/fileName/ItemUsageHandler.cs: cc6bc88fb8dc8e7dc82e84936bf9680f -> 
  custom:scripting/monoscript/fileName/UIThemeSpecialRule.cs: 78d3fa91cf1c37bad08f4ccc91045528 -> 
  custom:scripting/monoscript/fileName/UIItemUsePopup.cs: b70cde35028890eb8ed4abacd253323e -> 
  custom:scripting/monoscript/fileName/UIThemeBackground.cs: 61ecc30eb0576a805e84ca322674b8a0 -> 
  custom:scripting/monoscript/fileName/AndroidTTS.cs: 22cd76e117adb050c1582f36d7663757 -> 
  custom:scripting/monoscript/fileName/WebSpeechAPI_TTS.cs: 5f3d624654c003c2cba3a4dd6d69d4f0 -> 
  custom:scripting/monoscript/fileName/MultichoiceTrack.cs: e6a996435983f86addd397e67a46da2c -> 
  custom:scripting/monoscript/fileName/UIThemePrefabImage.cs: 6e5bd7f95b78a783ed1ccec2e9270580 -> 
  custom:scripting/monoscript/fileName/SpawnSystem.cs: 03faf5c5511f0a13c10c0d74b306c7f8 -> 
  custom:scripting/monoscript/fileName/MultiChoiceManager.cs: ed9f3d2ad68f7dfa28d949149c20808a -> 
  custom:scripting/monoscript/fileName/AccessiblePluginToggle.cs: cb3633417efdec8d15ecc27e0bc63fe7 -> 
  custom:scripting/monoscript/fileName/UAP_AudioQueue.cs: e787924b3c1b2ca4157eed2ffad3850a -> 
  custom:scripting/monoscript/fileName/UIDialogueEntry.cs: 3652ae086a196828aeeb8e15467de66a -> 
  custom:CustomObjectIndexerAttribute: 72b91833f83ae208fae7752999fa3104 -> 
  custom:scripting/monoscript/fileName/Accessibility_Button_3D_Inspector.cs: e2a8268ad5018a156fa45c8a4184af9d -> 
  custom:scripting/monoscript/fileName/UIThemePrefabButton.cs: dbd0464ae2f51ff7e503b71cc7eb3eb8 -> 
  custom:scripting/monoscript/fileName/Accessibility_TextEdit_Inspector.cs: b887692deb91f5eb4f55e75084ac937b -> 
  custom:scripting/monoscript/fileName/ScrollRectItemAutoScroll.cs: ab50527bbbc336afd88526a41f142ee4 -> 
  custom:scripting/monoscript/fileName/MacOSTTS.cs: 187989bd9310d2b51baa0bac92608d56 -> 
  custom:scripting/monoscript/fileName/iOSTTS.cs: 17b1c1d09843e162364c2213af450325 -> 
  custom:scripting/monoscript/fileName/NavMeshAgentController.cs: b76c58d815b53088ca687b9897489ec1 -> 
  custom:scripting/monoscript/fileName/UISettingMenu.cs: 1f519e8b172449853b7b0c72acb791cb -> 
  custom:scripting/monoscript/fileName/ConversationCameraDistanceSettings.cs: 29592952c05d993117c2673e441ce215 -> 
  custom:scripting/monoscript/fileName/Inventory.cs: d078795b7125c8d5b747e156a3e12651 -> 
  custom:container-demuxer-webm: 4f35f7cbe854078d1ac9338744f61a02 -> 
  custom:scripting/monoscript/fileName/ChoiceManager.cs: 90647cc400823b41df847a6cbfc29026 -> 
  custom:scripting/monoscript/fileName/UISidebar.cs: 5ab12834d946ace1bfa9b66b7a499aa2 -> 
  custom:scripting/monoscript/fileName/UITooltipArea.cs: 666bc48021c5f82376a4d18a5596510a -> 
  custom:scripting/monoscript/fileName/UITooltipReceiver.cs: f3efa4efdd51226e30a97445a1fe73fe -> 
  custom:scripting/monoscript/fileName/AccessibleButton_3D.cs: 18a001294758e988d488fd4020450b91 -> 
  custom:scripting/monoscript/fileName/UAP_UpdateWindow.cs: 60298131a1e0aad5c068b15eaaec4a26 -> 
  custom:scripting/monoscript/fileName/MemoUseHandler.cs: cf9559f9892112d6f2648e7d52818706 -> 
  custom:scripting/monoscript/fileName/ControlIconSelector.cs: b1a373e9364aaa0997db325c422890ef -> 
  custom:scripting/monoscript/fileName/PadUseHandler.cs: ae895c0933062fa9c54de63674405738 -> 
  custom:scripting/monoscript/fileName/SubtitleManager.cs: 82dbb5d75ee17f2e0f89fc20241e1393 -> 
  custom:scripting/monoscript/fileName/UIToggleButton.cs: 910c96ed42d7be5cd52c13e3832ac9b0 -> 
  custom:scripting/monoscript/fileName/DialogueHandler.cs: 732a2c3376753bdd73e587ff27a60ebc -> 
  custom:scripting/monoscript/fileName/AccessibleLabel_3D.cs: ffb4ee3f6b5a07c24ebe1013eef084eb -> 
  custom:scripting/monoscript/fileName/UIRemappingButton.cs: 5fcd73a8982d4367b765b5cabec80bbe -> 
  custom:scripting/monoscript/fileName/SubtitleIdentifier.cs: 38552a464e711e7c397925bc303f2d8f -> 
  custom:scripting/monoscript/fileName/UIVolumeSliders.cs: da286ec9a7479d4fcd8d56d5d98e4657 -> 
  custom:scripting/monoscript/fileName/BaseChoiceManager.cs: 8e194bdf48ff55d6e37e7e56add81161 -> 
  custom:scripting/monoscript/fileName/UAP_ScrollControl.cs: adfe3f9331b1ec825e95e436750beed4 -> 
  custom:scripting/monoscript/fileName/Custom_TTS_Template.cs: fcbd5e9d71417750f51279561bb1b096 -> 
  custom:scripting/monoscript/fileName/UAP_VirtualKeyboard.cs: d7a418de072bd8b8ee4b40780fa7ca49 -> 
  custom:scripting/monoscript/fileName/DropdownElementInfo.cs: 2e87981c9728401ebe0feaa894c17903 -> 
  custom:scripting/monoscript/fileName/Google_TTS.cs: cb7d03114ee7d553f079444cc848de18 -> 
  custom:scripting/monoscript/fileName/MultichoiceClip.cs: 8a5b22519dad137d3c6ed2c6549d5e57 -> 
  custom:scripting/monoscript/fileName/UIActivableSlider.cs: 7d2a014985a9c1b1719767f5f4651549 -> 
  custom:scripting/monoscript/fileName/UIInputRemapEntry.cs: 73ede24016e2cad7ed6225708aff3518 -> 
  custom:container-muxer-webm: aa71ff27fc2769a1b78a27578f13a17b -> 
  custom:scripting/monoscript/fileName/Accessibility_Inspector.cs: c7643e4ec333550e6b052dada0b456d6 -> 
  custom:video-decoder-webm-vp8: 9c59270c3fd7afecdb556c50c9e8de78 -> 
  custom:scripting/monoscript/fileName/SceneAudioData.cs: a3e6799015589583291f941a09ab40bd -> 
  custom:scripting/monoscript/fileName/GameStateManager.cs: bf23ee76960a2deda5812a647ba7fd49 -> 
  custom:scripting/monoscript/fileName/UIThemePrefabButtonIcon.cs: 8c710e48d82c096a27719c24df5bc3fc -> 
  custom:scripting/monoscript/fileName/StateInfoHandler.cs: c5af633b417a38de3f6c702c2cf93ab1 -> 
  custom:scripting/monoscript/fileName/UIDialogueWindow.cs: 15409b52359f6a56d667f8d4739a037b -> 
  custom:scripting/monoscript/fileName/Accessibility_Container_Inspector.cs: cbef492d9f8887c0984c38b1e395c937 -> 
  custom:SearchIndexIgnoredProperties: e643bd26f0fe6173181afceb89e7c659 -> 
  custom:scripting/monoscript/fileName/StartPopup.cs: 85eb3fb4ea1855a411b8e7f0a07bad6a -> 
  custom:scripting/monoscript/fileName/UIChoiceEntry.cs: 8113172d41510462fe3b25c5d612485c -> 
  custom:scripting/monoscript/fileName/Accessibility_Dropdown_Inspector.cs: 2cdd88f9c19aab3072dd799afdb7ea7f -> 
  custom:AudioImporter_EditorPlatform: d09bf68614088b80899f8185d706f6e7 -> 
  custom:scripting/monoscript/fileName/DialogueInteractiveObject.cs: 3044d62821a9848d1f59621deeeac3f5 -> 
  custom:scripting/monoscript/fileName/UIModalPopup.cs: f7d49afeb16f640c2d31910fa80ded2e -> 
  custom:scripting/monoscript/fileName/UIKeyboardControlSettingScreen.cs: cb584da718e36ec686f29411f8a4471b -> 
  custom:scripting/monoscript/fileName/UIInteractButtonPrompt.cs: 7c97b345d1f2a60dc626be90c0d2326d -> 
  custom:scripting/monoscript/fileName/FlagSetter.cs: 08cab169e59934bf5c358b2424004659 -> 
  custom:scripting/monoscript/fileName/ControlManager.cs: be5d9e01f67967d8ad6ebe7cdd3b13aa -> 
  custom:scripting/monoscript/fileName/ConversationChoiceManager.cs: 36a33dc603447b0ec3970a247664518e -> 
  custom:scripting/monoscript/fileName/Accessibility_Button_Inspector.cs: f7bfd0175f15609298574b6e90453f2a -> 
  custom:scripting/monoscript/fileName/UIStartScreen.cs: ac426685fb5a7f14a30c0f3e103dfdeb -> 
  custom:scripting/monoscript/fileName/Accessibility_GameObjectEnabler_Inspector.cs: 61fd2844f2b20276be0003136161daa8 -> 
  custom:scripting/monoscript/fileName/CameraController.cs: b71d1bb1c8c0dbb9a981f5c477ef2ab9 -> 90f26c7c63924735c23c826b8a781463
  custom:scripting/monoscript/fileName/UIScreen.cs: 830ed55ea0035c496891b182b5f52fcb -> 
  custom:scripting/monoscript/fileName/AccessibleButton.cs: 337fd3580c304fcbfb137a73c6a2f57f -> 
  custom:scripting/monoscript/fileName/UIToggleSidebar.cs: fe5618840f678594d6b1c877f0fadb04 -> 
  custom:scripting/monoscript/fileName/GrabbableItem.cs: 5e246e7b8e36ef5625ebc43c1b473a27 -> 
  custom:scripting/monoscript/fileName/UICloseBlocker.cs: 6afd30ccd5756383ba45bcb87c08ed16 -> 
  custom:scripting/monoscript/fileName/UAP_BaseElement_3D.cs: aac252bc303c16d65e446e7066f2aa8e -> 
  custom:scripting/monoscript/fileName/UIInventorySidebar.cs: 16f51d801cbee7b2b43be3b735a1dfff -> 
  custom:scripting/monoscript/fileName/WindowsTTS.cs: a1a30089d8820425f0876f90a8edc0a0 -> 
  custom:scripting/monoscript/fileName/AccessibilityHelper.cs: 7d4330fb560153af9796ec946a4f5f10 -> 
  custom:scripting/monoscript/fileName/UIItemInfoPopup.cs: 4030cb794313856a97ccc2fc7f12df9d -> 
  custom:scripting/monoscript/fileName/UILogChoiceEntry.cs: 1e820c3187717bdcc9b93d3cf95d1080 -> 
  custom:scripting/monoscript/fileName/Accessibility_Slider_Inspector.cs: 32a38f2b0f092a79a03ee2e2ea9db2d6 -> 
  custom:video-encoder-webm-vp8: eb34c28f22e8b96e1ab97ce403110664 -> 
  custom:scripting/monoscript/fileName/UIThemeData.cs: ad236b74d0aa0818827e53d3bca384e6 -> 
  custom:scripting/monoscript/fileName/UILog.cs: 66184a2c5df6218253c1c1a1927c999d -> 
  custom:scripting/monoscript/fileName/LookableItem.cs: 6360eebaeb85d5e225adf1ce1eb92da3 -> 
  custom:scripting/monoscript/fileName/DialogueHandlerEditor.cs: 21a650fdaec8906d36b2aecc262fc0c8 -> 
  custom:scripting/monoscript/fileName/Accessibility_Label_Inspector.cs: cad41ee7d2fc8d0889c9443172a47217 -> 
  custom:scripting/monoscript/fileName/AccessibleToggle.cs: 042f34a012d5a4687b0c2d4a3871d969 -> 
  custom:audio-decoder-ogg-vorbis: bf7c407c2cedff20999df2af8eb42d56 -> 
  custom:scripting/monoscript/fileName/MultichoiceBehaviour.cs: 283e19287ec6601c304927d1261ecf5a -> 
  custom:scripting/monoscript/fileName/CharacterCameraData.cs: faaebb5a5f968213fb614b56deaa8bd0 -> 
  custom:scripting/monoscript/fileName/UIThemePrefabSlider.cs: 0f5f097f7f4db2e01b8198fbd39e7099 -> 
  custom:scripting/monoscript/fileName/Accessibility_SelectionGroup_Inspector.cs: c0a05ee75fe311989533f0c68c914b36 -> 
  custom:scripting/monoscript/fileName/SubtitleTrack.cs: bfd60ea3eafc6d5985580061e2680098 -> 
  custom:scripting/monoscript/fileName/UITab.cs: ba08aa34b368aac98c5333a159aa65e5 -> 
  custom:scripting/monoscript/fileName/ConversationTSVImporter.cs: 885950b624e322cfbd844e7915ead340 -> 
  custom:scripting/monoscript/fileName/Item.cs: edfd25bbe8f561e55c7415f9c3adacfe -> 
  custom:scripting/monoscript/fileName/Subtitle.cs: a6ccdcd48fa265fa3beeb2ab535f3e86 -> 
  custom:scripting/monoscript/fileName/SaveSystem.cs: 83577e3190e6dde6015cb0fbb03b191f -> 
  custom:scripting/monoscript/fileName/AccessibleUIGroupRoot.cs: 11e03ab7563a9adb6148045b5bf98252 -> 
  custom:scripting/monoscript/fileName/UIEntryBase.cs: 9e81110371a82b11d32f0beaa95a0b69 -> 
  custom:scripting/monoscript/fileName/UIThemePrefab.cs: 3de201965b9d0ffd73859f9c8320101b -> 
  custom:scripting/monoscript/fileName/AccessibleSlider.cs: 5bb244ce01f0d7449a83678052e35aca -> 
  custom:scripting/monoscript/fileName/MultichoiceMixerBehaviour.cs: 2a0c51a482171da8813a21d38aefc0b8 -> 
  custom:scripting/monoscript/fileName/UAP_GameObjectEnabler.cs: e6043aaaa2fbfe552e1764d8b1856239 -> 
  custom:scripting/monoscript/fileName/Accessibility_Label_3D_Inspector.cs: 9efa4d46a39e0156305af225947e732f -> 
  custom:audio-encoder-webm-vorbis: bf7c407c2cedff20999df2af8eb42d56 -> 
  custom:scripting/monoscript/fileName/Accessibility_InspectorShared.cs: c170a87f732e14e2a385c42c718d5c76 -> 
  custom:scripting/monoscript/fileName/UIRoot.cs: cadc746dab08326e6ec1a7671aa5f5d9 -> 
  custom:scripting/precompiled-assembly-types:Assembly-CSharp-Editor: 794dc4f6d0994e526b5a61dc5563eaa5 -> 
  custom:scripting/monoscript/fileName/AccessibleTextEdit.cs: 8dfd241845002d60ed00412c8a448ee4 -> 
  custom:scripting/monoscript/fileName/MultichoiceDrawer.cs: c8d69412b405d87ef8e1d87636414161 -> 
  custom:scripting/monoscript/fileName/SubtitleBehaviour.cs: fd2c79575038f29c05698b30ab64ab3e -> 
  custom:scripting/precompiled-assembly-types:Assembly-CSharp: c18b204c71d69bfbdfd09f407f66626f -> 
  custom:scripting/monoscript/fileName/FlagChecker.cs: 9f83ca1fc5895a0ce85022f07d170f45 -> 
  custom:scripting/monoscript/fileName/UAP_WelcomeWindow.cs: b809cac8dff52955774763c3410c683b -> 
  custom:scripting/monoscript/fileName/UIVideoOptionScreen.cs: 88a470105236125801efb35e02beb646 -> 
  custom:scripting/monoscript/fileName/GroundIndicator.cs: f4f68e6cd1a16286b8fdea27ebcd917a -> 
  custom:scripting/monoscript/fileName/UIThemePrefabToggle.cs: 42e38b11ef9c09653b5f9bbdb1e3b8e3 -> 
  custom:scripting/monoscript/fileName/SpawnPoint.cs: 9b331e38f359e2882248c79d1868200e -> 
  custom:scripting/monoscript/fileName/UAP_AccessibilityManager.cs: fde893aed8964d13ffc7464c06c6dad2 -> 
  custom:scripting/monoscript/fileName/Accessibility_PluginToggle_Inspector.cs: 75b570f77c82b90b79098becfc63f670 -> 
========================================================================
Received Prepare
Refreshing native plugins compatible for Editor in 8.73 ms, found 5 plugins.
Preloading 0 native plugins for Editor in 0.00 ms.
Unloading 16 Unused Serialized files (Serialized files now loaded: 0)
Unloading 16 unused Assets / (1.1 MB). Loaded Objects now: 6324.
Memory consumption went from 107.0 MB to 105.9 MB.
Total: 4.922400 ms (FindLiveObjects: 0.545300 ms CreateObjectMapping: 0.276900 ms MarkObjects: 3.554100 ms  DeleteObjects: 0.544600 ms)

Prepare: number of updated asset objects reloaded= 0
AssetImportParameters requested are different than current active one (requested -> active):
  custom:scripting/monoscript/fileName/UIControlCategoryHeader.cs: 2023adafcdf92a1e5a3363df587172c7 -> 
  custom:scripting/monoscript/fileName/ScannerUseHandler.cs: 49da2e1bbc7e061711ca7e7e315be16c -> 
  custom:scripting/monoscript/fileName/SettingContainer.cs: d09bd13b7f06015d6a786683b8acc458 -> 
  custom:scripting/monoscript/fileName/UISoundSettingScreen.cs: 75d74bb0158bdf6a0bf3841b5a520bb2 -> 
  custom:scripting/monoscript/fileName/UAP_SelectionGroup.cs: 003b995697670effc48e0f4c6375edb8 -> 
  custom:scripting/monoscript/fileName/ReserializeAll.cs: 71a8252e14efb77681b3e8cf1a567af2 -> 
  custom:container-demuxer-ogg: 62fdf1f143b41e24485cea50d1cbac27 -> 
  custom:scripting/monoscript/fileName/UIThemePrefabText.cs: 1b45186a7198cc79870b6df7557a6bf1 -> 
  custom:scripting/monoscript/fileName/SubtitleMixerBehaviour.cs: ffad2d0a2e2f2b934e5a3961918b62b5 -> 
  custom:scripting/monoscript/fileName/UIInventoryEntry.cs: 51fdca09a666100f9149542d1b607ebd -> 
  custom:scripting/monoscript/fileName/UIGameSettingScreen.cs: f16297a5c21b7b3bda01d2ac035e1679 -> 
  custom:scripting/monoscript/fileName/UILogEntry.cs: 2b6e2e992176ee73537b5f602ad6e6c7 -> 
  custom:scripting/monoscript/fileName/UAP_CustomTTS.cs: ef942ee7c01f26bc5db5094847e98cde -> 
  custom:scripting/monoscript/fileName/iOSGestures.cs: f02e70daab5ffd7ad64adb91e257308b -> 
  custom:scripting/monoscript/fileName/ConversationChoices.cs: 08a3040b2a82fff63b437025b41f51b8 -> 
  custom:scripting/monoscript/fileName/AccessibleDropdown.cs: 5178a94ea8827ffb8905cb41184faf0b -> 
  custom:video-codec-MediaFoundation-h265: 746d11721c4dcdbdad8f713fa42b33f4 -> 
  custom:scripting/monoscript/fileName/AudioManager.cs: f5e416fd210f0e3b7204d6967aa91cec -> 
  custom:scripting/monoscript/fileName/UIHelpers.cs: b467567be9e1d74cbe35e15266bb437a -> 
  custom:scripting/monoscript/fileName/Accessibility_EditorFunctions.cs: c6efe357ff47fe8fd9314c9c9c15b03a -> 
  custom:scripting/monoscript/fileName/DataReference.cs: 238436edf334193f622735b4b50bd6f1 -> 
  custom:scripting/monoscript/fileName/UIControlSettingBase.cs: 6e7efbd639fc2e1dfb4246ca0f076e20 -> 
  custom:scripting/monoscript/fileName/UAP_BackCloseEventListener.cs: a7dae07d1d4c3a5d619865d203380f27 -> 
  custom:scripting/monoscript/fileName/VirtualCameraMapping.cs: a2173c96934ab0b2b1dd5d982a106876 -> 
  custom:scripting/monoscript/fileName/BaseInteractiveObject.cs: 0702be75262241b893466e47ab9d7115 -> 
  custom:scripting/monoscript/fileName/UIBottomBar.cs: 563310a1db726c89bd5b753c0522d710 -> 
  custom:scripting/monoscript/fileName/Accessibility_Toggle_Inspector.cs: bbef43db2e9760fc7c21a528965da8be -> 
  custom:scripting/monoscript/fileName/UIEndScreen.cs: bf989edd7e0270698589a6674da952a4 -> 
  custom:scripting/monoscript/fileName/InitSystem.cs: 436add8109bc38a7f743aea20c624c6b -> 
  custom:video-decoder-ogg-theora: a1e56fd34408186e4bbccfd4996cb3dc -> 
  custom:scripting/monoscript/fileName/UITooltipPopup.cs: 063f2ccde20c4ec937ffb3e89456bfd8 -> 
  custom:scripting/monoscript/fileName/SubtitleClip.cs: 35640928a8b032bd70b6986d764ccf06 -> 
  custom:scripting/monoscript/fileName/UIComponentInfo.cs: 7da5aa31d0b07d3bb7acaea13f4c946b -> 
  custom:scripting/monoscript/fileName/ToggleElementInfo.cs: 6afd093fba6b4c5510a7a3a574497638 -> 
  custom:framework-win-MediaFoundation: 216162199b28c13a410421893ffa2e32 -> 
  custom:scripting/monoscript/fileName/UIGamepadControlSettingScreen.cs: 2c16cb0859821131063bf37d544c4cb9 -> 
  custom:scripting/monoscript/fileName/AccessibleLabel.cs: 14dc7d55971614e2c68dc32c8a63c549 -> 
  custom:scripting/monoscript/fileName/UAP_BaseElement.cs: e0168bc67cabb56f985a6dbd14d30774 -> 
  custom:scripting/monoscript/fileName/VisualManager.cs: 1079b49ceb8335b9e3b73d7c517fb0e5 -> 
  custom:scripting/monoscript/fileName/SubtitleDrawer.cs: fcdf10931ba5865caeb7a3edfc86970b -> 
  custom:scripting/monoscript/fileName/AnimationController.cs: be29773a7bd4850d65244c939b1d7fbf -> 
  custom:scripting/monoscript/fileName/TeleporterPoint.cs: a6c7222c253024aeb7b65fef61f7f076 -> 
  custom:scripting/monoscript/fileName/EditorUIThemeApplier.cs: 95e6ad177a231b3b3f255076769d1b39 -> 
  custom:scripting/monoscript/fileName/ItemUsageHandler.cs: cc6bc88fb8dc8e7dc82e84936bf9680f -> 
  custom:scripting/monoscript/fileName/UIThemeSpecialRule.cs: 78d3fa91cf1c37bad08f4ccc91045528 -> 
  custom:scripting/monoscript/fileName/UIItemUsePopup.cs: b70cde35028890eb8ed4abacd253323e -> 
  custom:scripting/monoscript/fileName/UIThemeBackground.cs: 61ecc30eb0576a805e84ca322674b8a0 -> 
  custom:scripting/monoscript/fileName/AndroidTTS.cs: 22cd76e117adb050c1582f36d7663757 -> 
  custom:scripting/monoscript/fileName/WebSpeechAPI_TTS.cs: 5f3d624654c003c2cba3a4dd6d69d4f0 -> 
  custom:scripting/monoscript/fileName/MultichoiceTrack.cs: e6a996435983f86addd397e67a46da2c -> 
  custom:scripting/monoscript/fileName/UIThemePrefabImage.cs: 6e5bd7f95b78a783ed1ccec2e9270580 -> 
  custom:scripting/monoscript/fileName/SpawnSystem.cs: 03faf5c5511f0a13c10c0d74b306c7f8 -> 
  custom:scripting/monoscript/fileName/MultiChoiceManager.cs: ed9f3d2ad68f7dfa28d949149c20808a -> 
  custom:scripting/monoscript/fileName/AccessiblePluginToggle.cs: cb3633417efdec8d15ecc27e0bc63fe7 -> 
  custom:scripting/monoscript/fileName/UAP_AudioQueue.cs: e787924b3c1b2ca4157eed2ffad3850a -> 
  custom:scripting/monoscript/fileName/UIDialogueEntry.cs: 3652ae086a196828aeeb8e15467de66a -> 
  custom:CustomObjectIndexerAttribute: 72b91833f83ae208fae7752999fa3104 -> 
  custom:scripting/monoscript/fileName/Accessibility_Button_3D_Inspector.cs: e2a8268ad5018a156fa45c8a4184af9d -> 
  custom:scripting/monoscript/fileName/UIThemePrefabButton.cs: dbd0464ae2f51ff7e503b71cc7eb3eb8 -> 
  custom:scripting/monoscript/fileName/Accessibility_TextEdit_Inspector.cs: b887692deb91f5eb4f55e75084ac937b -> 
  custom:scripting/monoscript/fileName/ScrollRectItemAutoScroll.cs: ab50527bbbc336afd88526a41f142ee4 -> 
  custom:scripting/monoscript/fileName/MacOSTTS.cs: 187989bd9310d2b51baa0bac92608d56 -> 
  custom:scripting/monoscript/fileName/iOSTTS.cs: 17b1c1d09843e162364c2213af450325 -> 
  custom:scripting/monoscript/fileName/NavMeshAgentController.cs: b76c58d815b53088ca687b9897489ec1 -> 
  custom:scripting/monoscript/fileName/UISettingMenu.cs: 1f519e8b172449853b7b0c72acb791cb -> 
  custom:scripting/monoscript/fileName/ConversationCameraDistanceSettings.cs: 29592952c05d993117c2673e441ce215 -> 
  custom:scripting/monoscript/fileName/Inventory.cs: d078795b7125c8d5b747e156a3e12651 -> 
  custom:container-demuxer-webm: 4f35f7cbe854078d1ac9338744f61a02 -> 
  custom:scripting/monoscript/fileName/ChoiceManager.cs: 90647cc400823b41df847a6cbfc29026 -> 
  custom:scripting/monoscript/fileName/UISidebar.cs: 5ab12834d946ace1bfa9b66b7a499aa2 -> 
  custom:scripting/monoscript/fileName/UITooltipArea.cs: 666bc48021c5f82376a4d18a5596510a -> 
  custom:scripting/monoscript/fileName/UITooltipReceiver.cs: f3efa4efdd51226e30a97445a1fe73fe -> 
  custom:scripting/monoscript/fileName/AccessibleButton_3D.cs: 18a001294758e988d488fd4020450b91 -> 
  custom:scripting/monoscript/fileName/UAP_UpdateWindow.cs: 60298131a1e0aad5c068b15eaaec4a26 -> 
  custom:scripting/monoscript/fileName/MemoUseHandler.cs: cf9559f9892112d6f2648e7d52818706 -> 
  custom:scripting/monoscript/fileName/ControlIconSelector.cs: b1a373e9364aaa0997db325c422890ef -> 
  custom:scripting/monoscript/fileName/PadUseHandler.cs: ae895c0933062fa9c54de63674405738 -> 
  custom:scripting/monoscript/fileName/SubtitleManager.cs: 82dbb5d75ee17f2e0f89fc20241e1393 -> 
  custom:scripting/monoscript/fileName/UIToggleButton.cs: 910c96ed42d7be5cd52c13e3832ac9b0 -> 
  custom:scripting/monoscript/fileName/DialogueHandler.cs: 732a2c3376753bdd73e587ff27a60ebc -> 
  custom:scripting/monoscript/fileName/AccessibleLabel_3D.cs: ffb4ee3f6b5a07c24ebe1013eef084eb -> 
  custom:scripting/monoscript/fileName/UIRemappingButton.cs: 5fcd73a8982d4367b765b5cabec80bbe -> 
  custom:scripting/monoscript/fileName/SubtitleIdentifier.cs: 38552a464e711e7c397925bc303f2d8f -> 
  custom:scripting/monoscript/fileName/UIVolumeSliders.cs: da286ec9a7479d4fcd8d56d5d98e4657 -> 
  custom:scripting/monoscript/fileName/BaseChoiceManager.cs: 8e194bdf48ff55d6e37e7e56add81161 -> 
  custom:scripting/monoscript/fileName/UAP_ScrollControl.cs: adfe3f9331b1ec825e95e436750beed4 -> 
  custom:scripting/monoscript/fileName/Custom_TTS_Template.cs: fcbd5e9d71417750f51279561bb1b096 -> 
  custom:scripting/monoscript/fileName/UAP_VirtualKeyboard.cs: d7a418de072bd8b8ee4b40780fa7ca49 -> 
  custom:scripting/monoscript/fileName/DropdownElementInfo.cs: 2e87981c9728401ebe0feaa894c17903 -> 
  custom:scripting/monoscript/fileName/Google_TTS.cs: cb7d03114ee7d553f079444cc848de18 -> 
  custom:scripting/monoscript/fileName/MultichoiceClip.cs: 8a5b22519dad137d3c6ed2c6549d5e57 -> 
  custom:scripting/monoscript/fileName/UIActivableSlider.cs: 7d2a014985a9c1b1719767f5f4651549 -> 
  custom:scripting/monoscript/fileName/UIInputRemapEntry.cs: 73ede24016e2cad7ed6225708aff3518 -> 
  custom:container-muxer-webm: aa71ff27fc2769a1b78a27578f13a17b -> 
  custom:scripting/monoscript/fileName/Accessibility_Inspector.cs: c7643e4ec333550e6b052dada0b456d6 -> 
  custom:video-decoder-webm-vp8: 9c59270c3fd7afecdb556c50c9e8de78 -> 
  custom:scripting/monoscript/fileName/SceneAudioData.cs: a3e6799015589583291f941a09ab40bd -> 
  custom:scripting/monoscript/fileName/GameStateManager.cs: bf23ee76960a2deda5812a647ba7fd49 -> 
  custom:scripting/monoscript/fileName/UIThemePrefabButtonIcon.cs: 8c710e48d82c096a27719c24df5bc3fc -> 
  custom:scripting/monoscript/fileName/StateInfoHandler.cs: c5af633b417a38de3f6c702c2cf93ab1 -> 
  custom:scripting/monoscript/fileName/UIDialogueWindow.cs: 15409b52359f6a56d667f8d4739a037b -> 
  custom:scripting/monoscript/fileName/Accessibility_Container_Inspector.cs: cbef492d9f8887c0984c38b1e395c937 -> 
  custom:SearchIndexIgnoredProperties: e643bd26f0fe6173181afceb89e7c659 -> 
  custom:scripting/monoscript/fileName/StartPopup.cs: 85eb3fb4ea1855a411b8e7f0a07bad6a -> 
  custom:scripting/monoscript/fileName/UIChoiceEntry.cs: 8113172d41510462fe3b25c5d612485c -> 
  custom:scripting/monoscript/fileName/Accessibility_Dropdown_Inspector.cs: 2cdd88f9c19aab3072dd799afdb7ea7f -> 
  custom:AudioImporter_EditorPlatform: d09bf68614088b80899f8185d706f6e7 -> 
  custom:scripting/monoscript/fileName/DialogueInteractiveObject.cs: 3044d62821a9848d1f59621deeeac3f5 -> 
  custom:scripting/monoscript/fileName/UIModalPopup.cs: f7d49afeb16f640c2d31910fa80ded2e -> 
  custom:scripting/monoscript/fileName/UIKeyboardControlSettingScreen.cs: cb584da718e36ec686f29411f8a4471b -> 
  custom:scripting/monoscript/fileName/UIInteractButtonPrompt.cs: 7c97b345d1f2a60dc626be90c0d2326d -> 
  custom:scripting/monoscript/fileName/FlagSetter.cs: 08cab169e59934bf5c358b2424004659 -> 
  custom:scripting/monoscript/fileName/ControlManager.cs: be5d9e01f67967d8ad6ebe7cdd3b13aa -> 
  custom:scripting/monoscript/fileName/ConversationChoiceManager.cs: 36a33dc603447b0ec3970a247664518e -> 
  custom:scripting/monoscript/fileName/Accessibility_Button_Inspector.cs: f7bfd0175f15609298574b6e90453f2a -> 
  custom:scripting/monoscript/fileName/UIStartScreen.cs: ac426685fb5a7f14a30c0f3e103dfdeb -> 
  custom:scripting/monoscript/fileName/Accessibility_GameObjectEnabler_Inspector.cs: 61fd2844f2b20276be0003136161daa8 -> 
  custom:scripting/monoscript/fileName/CameraController.cs: b71d1bb1c8c0dbb9a981f5c477ef2ab9 -> 90f26c7c63924735c23c826b8a781463
  custom:scripting/monoscript/fileName/UIScreen.cs: 830ed55ea0035c496891b182b5f52fcb -> 
  custom:scripting/monoscript/fileName/AccessibleButton.cs: 337fd3580c304fcbfb137a73c6a2f57f -> 
  custom:scripting/monoscript/fileName/UIToggleSidebar.cs: fe5618840f678594d6b1c877f0fadb04 -> 
  custom:scripting/monoscript/fileName/GrabbableItem.cs: 5e246e7b8e36ef5625ebc43c1b473a27 -> 
  custom:scripting/monoscript/fileName/UICloseBlocker.cs: 6afd30ccd5756383ba45bcb87c08ed16 -> 
  custom:scripting/monoscript/fileName/UAP_BaseElement_3D.cs: aac252bc303c16d65e446e7066f2aa8e -> 
  custom:scripting/monoscript/fileName/UIInventorySidebar.cs: 16f51d801cbee7b2b43be3b735a1dfff -> 
  custom:scripting/monoscript/fileName/WindowsTTS.cs: a1a30089d8820425f0876f90a8edc0a0 -> 
  custom:scripting/monoscript/fileName/AccessibilityHelper.cs: 7d4330fb560153af9796ec946a4f5f10 -> 
  custom:scripting/monoscript/fileName/UIItemInfoPopup.cs: 4030cb794313856a97ccc2fc7f12df9d -> 
  custom:scripting/monoscript/fileName/UILogChoiceEntry.cs: 1e820c3187717bdcc9b93d3cf95d1080 -> 
  custom:scripting/monoscript/fileName/Accessibility_Slider_Inspector.cs: 32a38f2b0f092a79a03ee2e2ea9db2d6 -> 
  custom:video-encoder-webm-vp8: eb34c28f22e8b96e1ab97ce403110664 -> 
  custom:scripting/monoscript/fileName/UIThemeData.cs: ad236b74d0aa0818827e53d3bca384e6 -> 
  custom:scripting/monoscript/fileName/UILog.cs: 66184a2c5df6218253c1c1a1927c999d -> 
  custom:scripting/monoscript/fileName/LookableItem.cs: 6360eebaeb85d5e225adf1ce1eb92da3 -> 
  custom:scripting/monoscript/fileName/DialogueHandlerEditor.cs: 21a650fdaec8906d36b2aecc262fc0c8 -> 
  custom:scripting/monoscript/fileName/Accessibility_Label_Inspector.cs: cad41ee7d2fc8d0889c9443172a47217 -> 
  custom:scripting/monoscript/fileName/AccessibleToggle.cs: 042f34a012d5a4687b0c2d4a3871d969 -> 
  custom:audio-decoder-ogg-vorbis: bf7c407c2cedff20999df2af8eb42d56 -> 
  custom:scripting/monoscript/fileName/MultichoiceBehaviour.cs: 283e19287ec6601c304927d1261ecf5a -> 
  custom:scripting/monoscript/fileName/CharacterCameraData.cs: faaebb5a5f968213fb614b56deaa8bd0 -> 
  custom:scripting/monoscript/fileName/UIThemePrefabSlider.cs: 0f5f097f7f4db2e01b8198fbd39e7099 -> 
  custom:scripting/monoscript/fileName/Accessibility_SelectionGroup_Inspector.cs: c0a05ee75fe311989533f0c68c914b36 -> 
  custom:scripting/monoscript/fileName/SubtitleTrack.cs: bfd60ea3eafc6d5985580061e2680098 -> 
  custom:scripting/monoscript/fileName/UITab.cs: ba08aa34b368aac98c5333a159aa65e5 -> 
  custom:scripting/monoscript/fileName/ConversationTSVImporter.cs: 885950b624e322cfbd844e7915ead340 -> 
  custom:scripting/monoscript/fileName/Item.cs: edfd25bbe8f561e55c7415f9c3adacfe -> 
  custom:scripting/monoscript/fileName/Subtitle.cs: a6ccdcd48fa265fa3beeb2ab535f3e86 -> 
  custom:scripting/monoscript/fileName/SaveSystem.cs: 83577e3190e6dde6015cb0fbb03b191f -> 
  custom:scripting/monoscript/fileName/AccessibleUIGroupRoot.cs: 11e03ab7563a9adb6148045b5bf98252 -> 
  custom:scripting/monoscript/fileName/UIEntryBase.cs: 9e81110371a82b11d32f0beaa95a0b69 -> 
  custom:scripting/monoscript/fileName/UIThemePrefab.cs: 3de201965b9d0ffd73859f9c8320101b -> 
  custom:scripting/monoscript/fileName/AccessibleSlider.cs: 5bb244ce01f0d7449a83678052e35aca -> 
  custom:scripting/monoscript/fileName/MultichoiceMixerBehaviour.cs: 2a0c51a482171da8813a21d38aefc0b8 -> 
  custom:scripting/monoscript/fileName/UAP_GameObjectEnabler.cs: e6043aaaa2fbfe552e1764d8b1856239 -> 
  custom:scripting/monoscript/fileName/Accessibility_Label_3D_Inspector.cs: 9efa4d46a39e0156305af225947e732f -> 
  custom:audio-encoder-webm-vorbis: bf7c407c2cedff20999df2af8eb42d56 -> 
  custom:scripting/monoscript/fileName/Accessibility_InspectorShared.cs: c170a87f732e14e2a385c42c718d5c76 -> 
  custom:scripting/monoscript/fileName/UIRoot.cs: cadc746dab08326e6ec1a7671aa5f5d9 -> 
  custom:scripting/precompiled-assembly-types:Assembly-CSharp-Editor: 794dc4f6d0994e526b5a61dc5563eaa5 -> 
  custom:scripting/monoscript/fileName/AccessibleTextEdit.cs: 8dfd241845002d60ed00412c8a448ee4 -> 
  custom:scripting/monoscript/fileName/MultichoiceDrawer.cs: c8d69412b405d87ef8e1d87636414161 -> 
  custom:scripting/monoscript/fileName/SubtitleBehaviour.cs: fd2c79575038f29c05698b30ab64ab3e -> 
  custom:scripting/precompiled-assembly-types:Assembly-CSharp: c18b204c71d69bfbdfd09f407f66626f -> 
  custom:scripting/monoscript/fileName/FlagChecker.cs: 9f83ca1fc5895a0ce85022f07d170f45 -> 
  custom:scripting/monoscript/fileName/UAP_WelcomeWindow.cs: b809cac8dff52955774763c3410c683b -> 
  custom:scripting/monoscript/fileName/UIVideoOptionScreen.cs: 88a470105236125801efb35e02beb646 -> 
  custom:scripting/monoscript/fileName/GroundIndicator.cs: f4f68e6cd1a16286b8fdea27ebcd917a -> 
  custom:scripting/monoscript/fileName/UIThemePrefabToggle.cs: 42e38b11ef9c09653b5f9bbdb1e3b8e3 -> 
  custom:scripting/monoscript/fileName/SpawnPoint.cs: 9b331e38f359e2882248c79d1868200e -> 
  custom:scripting/monoscript/fileName/UAP_AccessibilityManager.cs: fde893aed8964d13ffc7464c06c6dad2 -> 
  custom:scripting/monoscript/fileName/Accessibility_PluginToggle_Inspector.cs: 75b570f77c82b90b79098becfc63f670 -> 
========================================================================
Received Prepare
Caller must complete domain reload
Begin MonoManager ReloadAssembly
- Loaded All Assemblies, in  2.802 seconds
Native extension for WindowsStandalone target not found
Mono: successfully reloaded assembly
- Finished resetting the current domain, in 29.355 seconds
Domain Reload Profiling: 32152ms
	BeginReloadAssembly (198ms)
		ExecutionOrderSort (0ms)
		DisableScriptedObjects (6ms)
		BackupInstance (0ms)
		ReleaseScriptingObjects (0ms)
		CreateAndSetChildDomain (52ms)
	RebuildCommonClasses (41ms)
	RebuildNativeTypeToScriptingClass (12ms)
	initialDomainReloadingComplete (36ms)
	LoadAllAssembliesAndSetupDomain (2509ms)
		LoadAssemblies (2555ms)
		RebuildTransferFunctionScriptingTraits (0ms)
		AnalyzeDomain (57ms)
			TypeCache.Refresh (23ms)
				TypeCache.ScanAssembly (0ms)
			ScanForSourceGeneratedMonoScriptInfo (0ms)
			ResolveRequiredComponents (31ms)
	FinalizeReload (29355ms)
		ReleaseScriptCaches (0ms)
		RebuildScriptCaches (0ms)
		SetupLoadedEditorAssemblies (876ms)
			LogAssemblyErrors (0ms)
			InitializePlatformSupportModulesInManaged (9ms)
			SetLoadedEditorAssemblies (10ms)
			RefreshPlugins (0ms)
			BeforeProcessingInitializeOnLoad (205ms)
			ProcessInitializeOnLoadAttributes (548ms)
			ProcessInitializeOnLoadMethodAttributes (98ms)
			AfterProcessingInitializeOnLoad (7ms)
			EditorAssembliesLoaded (0ms)
		ExecutionOrderSort2 (0ms)
		AwakeInstancesAfterBackupRestoration (20ms)
Refreshing native plugins compatible for Editor in 12.67 ms, found 5 plugins.
Preloading 0 native plugins for Editor in 0.00 ms.
Unloading 5706 Unused Serialized files (Serialized files now loaded: 0)
Unloading 34 unused Assets / (1.1 MB). Loaded Objects now: 6340.
Memory consumption went from 195.2 MB to 194.1 MB.
Total: 6.864100 ms (FindLiveObjects: 1.063800 ms CreateObjectMapping: 0.755000 ms MarkObjects: 4.364100 ms  DeleteObjects: 0.679700 ms)

Prepare: number of updated asset objects reloaded= 0
AssetImportParameters requested are different than current active one (requested -> active):
  custom:scripting/monoscript/fileName/UIControlCategoryHeader.cs: 2023adafcdf92a1e5a3363df587172c7 -> 
  custom:scripting/monoscript/fileName/ScannerUseHandler.cs: 49da2e1bbc7e061711ca7e7e315be16c -> 
  custom:scripting/monoscript/fileName/SettingContainer.cs: d09bd13b7f06015d6a786683b8acc458 -> 
  custom:scripting/monoscript/fileName/UISoundSettingScreen.cs: 75d74bb0158bdf6a0bf3841b5a520bb2 -> 
  custom:scripting/monoscript/fileName/UAP_SelectionGroup.cs: 003b995697670effc48e0f4c6375edb8 -> 
  custom:scripting/monoscript/fileName/ReserializeAll.cs: 71a8252e14efb77681b3e8cf1a567af2 -> 
  custom:container-demuxer-ogg: 62fdf1f143b41e24485cea50d1cbac27 -> 
  custom:scripting/monoscript/fileName/UIThemePrefabText.cs: 1b45186a7198cc79870b6df7557a6bf1 -> 
  custom:scripting/monoscript/fileName/SubtitleMixerBehaviour.cs: ffad2d0a2e2f2b934e5a3961918b62b5 -> 
  custom:scripting/monoscript/fileName/UIInventoryEntry.cs: 51fdca09a666100f9149542d1b607ebd -> 
  custom:scripting/monoscript/fileName/UIGameSettingScreen.cs: f16297a5c21b7b3bda01d2ac035e1679 -> 
  custom:scripting/monoscript/fileName/UILogEntry.cs: 2b6e2e992176ee73537b5f602ad6e6c7 -> 
  custom:scripting/monoscript/fileName/UAP_CustomTTS.cs: ef942ee7c01f26bc5db5094847e98cde -> 
  custom:scripting/monoscript/fileName/iOSGestures.cs: f02e70daab5ffd7ad64adb91e257308b -> 
  custom:scripting/monoscript/fileName/ConversationChoices.cs: 08a3040b2a82fff63b437025b41f51b8 -> 
  custom:scripting/monoscript/fileName/AccessibleDropdown.cs: 5178a94ea8827ffb8905cb41184faf0b -> 
  custom:video-codec-MediaFoundation-h265: 746d11721c4dcdbdad8f713fa42b33f4 -> 
  custom:scripting/monoscript/fileName/AudioManager.cs: f5e416fd210f0e3b7204d6967aa91cec -> 
  custom:scripting/monoscript/fileName/UIHelpers.cs: b467567be9e1d74cbe35e15266bb437a -> 
  custom:scripting/monoscript/fileName/Accessibility_EditorFunctions.cs: c6efe357ff47fe8fd9314c9c9c15b03a -> 
  custom:scripting/monoscript/fileName/DataReference.cs: 238436edf334193f622735b4b50bd6f1 -> 
  custom:scripting/monoscript/fileName/UIControlSettingBase.cs: 6e7efbd639fc2e1dfb4246ca0f076e20 -> 
  custom:scripting/monoscript/fileName/UAP_BackCloseEventListener.cs: a7dae07d1d4c3a5d619865d203380f27 -> 
  custom:scripting/monoscript/fileName/VirtualCameraMapping.cs: a2173c96934ab0b2b1dd5d982a106876 -> 
  custom:scripting/monoscript/fileName/BaseInteractiveObject.cs: 0702be75262241b893466e47ab9d7115 -> 
  custom:scripting/monoscript/fileName/UIBottomBar.cs: 563310a1db726c89bd5b753c0522d710 -> 
  custom:scripting/monoscript/fileName/Accessibility_Toggle_Inspector.cs: bbef43db2e9760fc7c21a528965da8be -> 
  custom:scripting/monoscript/fileName/UIEndScreen.cs: bf989edd7e0270698589a6674da952a4 -> 
  custom:scripting/monoscript/fileName/InitSystem.cs: 436add8109bc38a7f743aea20c624c6b -> 
  custom:video-decoder-ogg-theora: a1e56fd34408186e4bbccfd4996cb3dc -> 
  custom:scripting/monoscript/fileName/UITooltipPopup.cs: 063f2ccde20c4ec937ffb3e89456bfd8 -> 
  custom:scripting/monoscript/fileName/SubtitleClip.cs: 35640928a8b032bd70b6986d764ccf06 -> 
  custom:scripting/monoscript/fileName/UIComponentInfo.cs: 7da5aa31d0b07d3bb7acaea13f4c946b -> 
  custom:scripting/monoscript/fileName/ToggleElementInfo.cs: 6afd093fba6b4c5510a7a3a574497638 -> 
  custom:framework-win-MediaFoundation: 216162199b28c13a410421893ffa2e32 -> 
  custom:scripting/monoscript/fileName/UIGamepadControlSettingScreen.cs: 2c16cb0859821131063bf37d544c4cb9 -> 
  custom:scripting/monoscript/fileName/AccessibleLabel.cs: 14dc7d55971614e2c68dc32c8a63c549 -> 
  custom:scripting/monoscript/fileName/UAP_BaseElement.cs: e0168bc67cabb56f985a6dbd14d30774 -> 
  custom:scripting/monoscript/fileName/VisualManager.cs: 1079b49ceb8335b9e3b73d7c517fb0e5 -> 
  custom:scripting/monoscript/fileName/SubtitleDrawer.cs: fcdf10931ba5865caeb7a3edfc86970b -> 
  custom:scripting/monoscript/fileName/AnimationController.cs: be29773a7bd4850d65244c939b1d7fbf -> 
  custom:scripting/monoscript/fileName/TeleporterPoint.cs: a6c7222c253024aeb7b65fef61f7f076 -> 
  custom:scripting/monoscript/fileName/EditorUIThemeApplier.cs: 95e6ad177a231b3b3f255076769d1b39 -> 
  custom:scripting/monoscript/fileName/ItemUsageHandler.cs: cc6bc88fb8dc8e7dc82e84936bf9680f -> 
  custom:scripting/monoscript/fileName/UIThemeSpecialRule.cs: 78d3fa91cf1c37bad08f4ccc91045528 -> 
  custom:scripting/monoscript/fileName/UIItemUsePopup.cs: b70cde35028890eb8ed4abacd253323e -> 
  custom:scripting/monoscript/fileName/UIThemeBackground.cs: 61ecc30eb0576a805e84ca322674b8a0 -> 
  custom:scripting/monoscript/fileName/AndroidTTS.cs: 22cd76e117adb050c1582f36d7663757 -> 
  custom:scripting/monoscript/fileName/WebSpeechAPI_TTS.cs: 5f3d624654c003c2cba3a4dd6d69d4f0 -> 
  custom:scripting/monoscript/fileName/MultichoiceTrack.cs: e6a996435983f86addd397e67a46da2c -> 
  custom:scripting/monoscript/fileName/UIThemePrefabImage.cs: 6e5bd7f95b78a783ed1ccec2e9270580 -> 
  custom:scripting/monoscript/fileName/SpawnSystem.cs: 03faf5c5511f0a13c10c0d74b306c7f8 -> 
  custom:scripting/monoscript/fileName/MultiChoiceManager.cs: ed9f3d2ad68f7dfa28d949149c20808a -> 
  custom:scripting/monoscript/fileName/AccessiblePluginToggle.cs: cb3633417efdec8d15ecc27e0bc63fe7 -> 
  custom:scripting/monoscript/fileName/UAP_AudioQueue.cs: e787924b3c1b2ca4157eed2ffad3850a -> 
  custom:scripting/monoscript/fileName/UIDialogueEntry.cs: 3652ae086a196828aeeb8e15467de66a -> 
  custom:CustomObjectIndexerAttribute: 72b91833f83ae208fae7752999fa3104 -> 
  custom:scripting/monoscript/fileName/Accessibility_Button_3D_Inspector.cs: e2a8268ad5018a156fa45c8a4184af9d -> 
  custom:scripting/monoscript/fileName/UIThemePrefabButton.cs: dbd0464ae2f51ff7e503b71cc7eb3eb8 -> 
  custom:scripting/monoscript/fileName/Accessibility_TextEdit_Inspector.cs: b887692deb91f5eb4f55e75084ac937b -> 
  custom:scripting/monoscript/fileName/ScrollRectItemAutoScroll.cs: ab50527bbbc336afd88526a41f142ee4 -> 
  custom:scripting/monoscript/fileName/MacOSTTS.cs: 187989bd9310d2b51baa0bac92608d56 -> 
  custom:scripting/monoscript/fileName/iOSTTS.cs: 17b1c1d09843e162364c2213af450325 -> 
  custom:scripting/monoscript/fileName/NavMeshAgentController.cs: b76c58d815b53088ca687b9897489ec1 -> 
  custom:scripting/monoscript/fileName/UISettingMenu.cs: 1f519e8b172449853b7b0c72acb791cb -> 
  custom:scripting/monoscript/fileName/ConversationCameraDistanceSettings.cs: 29592952c05d993117c2673e441ce215 -> 
  custom:scripting/monoscript/fileName/Inventory.cs: d078795b7125c8d5b747e156a3e12651 -> 
  custom:container-demuxer-webm: 4f35f7cbe854078d1ac9338744f61a02 -> 
  custom:scripting/monoscript/fileName/ChoiceManager.cs: 90647cc400823b41df847a6cbfc29026 -> 
  custom:scripting/monoscript/fileName/UISidebar.cs: 5ab12834d946ace1bfa9b66b7a499aa2 -> 
  custom:scripting/monoscript/fileName/UITooltipArea.cs: 666bc48021c5f82376a4d18a5596510a -> 
  custom:scripting/monoscript/fileName/UITooltipReceiver.cs: f3efa4efdd51226e30a97445a1fe73fe -> 
  custom:scripting/monoscript/fileName/AccessibleButton_3D.cs: 18a001294758e988d488fd4020450b91 -> 
  custom:scripting/monoscript/fileName/UAP_UpdateWindow.cs: 60298131a1e0aad5c068b15eaaec4a26 -> 
  custom:scripting/monoscript/fileName/MemoUseHandler.cs: cf9559f9892112d6f2648e7d52818706 -> 
  custom:scripting/monoscript/fileName/ControlIconSelector.cs: b1a373e9364aaa0997db325c422890ef -> 
  custom:scripting/monoscript/fileName/PadUseHandler.cs: ae895c0933062fa9c54de63674405738 -> 
  custom:scripting/monoscript/fileName/SubtitleManager.cs: 82dbb5d75ee17f2e0f89fc20241e1393 -> 
  custom:scripting/monoscript/fileName/UIToggleButton.cs: 910c96ed42d7be5cd52c13e3832ac9b0 -> 
  custom:scripting/monoscript/fileName/DialogueHandler.cs: 732a2c3376753bdd73e587ff27a60ebc -> 
  custom:scripting/monoscript/fileName/AccessibleLabel_3D.cs: ffb4ee3f6b5a07c24ebe1013eef084eb -> 
  custom:scripting/monoscript/fileName/UIRemappingButton.cs: 5fcd73a8982d4367b765b5cabec80bbe -> 
  custom:scripting/monoscript/fileName/SubtitleIdentifier.cs: 38552a464e711e7c397925bc303f2d8f -> 
  custom:scripting/monoscript/fileName/UIVolumeSliders.cs: da286ec9a7479d4fcd8d56d5d98e4657 -> 
  custom:scripting/monoscript/fileName/BaseChoiceManager.cs: 8e194bdf48ff55d6e37e7e56add81161 -> 
  custom:scripting/monoscript/fileName/UAP_ScrollControl.cs: adfe3f9331b1ec825e95e436750beed4 -> 
  custom:scripting/monoscript/fileName/Custom_TTS_Template.cs: fcbd5e9d71417750f51279561bb1b096 -> 
  custom:scripting/monoscript/fileName/UAP_VirtualKeyboard.cs: d7a418de072bd8b8ee4b40780fa7ca49 -> 
  custom:scripting/monoscript/fileName/DropdownElementInfo.cs: 2e87981c9728401ebe0feaa894c17903 -> 
  custom:scripting/monoscript/fileName/Google_TTS.cs: cb7d03114ee7d553f079444cc848de18 -> 
  custom:scripting/monoscript/fileName/MultichoiceClip.cs: 8a5b22519dad137d3c6ed2c6549d5e57 -> 
  custom:scripting/monoscript/fileName/UIActivableSlider.cs: 7d2a014985a9c1b1719767f5f4651549 -> 
  custom:scripting/monoscript/fileName/UIInputRemapEntry.cs: 73ede24016e2cad7ed6225708aff3518 -> 
  custom:container-muxer-webm: aa71ff27fc2769a1b78a27578f13a17b -> 
  custom:scripting/monoscript/fileName/Accessibility_Inspector.cs: c7643e4ec333550e6b052dada0b456d6 -> 
  custom:video-decoder-webm-vp8: 9c59270c3fd7afecdb556c50c9e8de78 -> 
  custom:scripting/monoscript/fileName/SceneAudioData.cs: a3e6799015589583291f941a09ab40bd -> 
  custom:scripting/monoscript/fileName/GameStateManager.cs: bf23ee76960a2deda5812a647ba7fd49 -> 
  custom:scripting/monoscript/fileName/UIThemePrefabButtonIcon.cs: 8c710e48d82c096a27719c24df5bc3fc -> 
  custom:scripting/monoscript/fileName/StateInfoHandler.cs: c5af633b417a38de3f6c702c2cf93ab1 -> 
  custom:scripting/monoscript/fileName/UIDialogueWindow.cs: 15409b52359f6a56d667f8d4739a037b -> 
  custom:scripting/monoscript/fileName/Accessibility_Container_Inspector.cs: cbef492d9f8887c0984c38b1e395c937 -> 
  custom:SearchIndexIgnoredProperties: e643bd26f0fe6173181afceb89e7c659 -> 
  custom:scripting/monoscript/fileName/StartPopup.cs: 85eb3fb4ea1855a411b8e7f0a07bad6a -> 
  custom:scripting/monoscript/fileName/UIChoiceEntry.cs: 8113172d41510462fe3b25c5d612485c -> 
  custom:scripting/monoscript/fileName/Accessibility_Dropdown_Inspector.cs: 2cdd88f9c19aab3072dd799afdb7ea7f -> 
  custom:AudioImporter_EditorPlatform: d09bf68614088b80899f8185d706f6e7 -> 
  custom:scripting/monoscript/fileName/DialogueInteractiveObject.cs: 3044d62821a9848d1f59621deeeac3f5 -> 
  custom:scripting/monoscript/fileName/UIModalPopup.cs: f7d49afeb16f640c2d31910fa80ded2e -> 
  custom:scripting/monoscript/fileName/UIKeyboardControlSettingScreen.cs: cb584da718e36ec686f29411f8a4471b -> 
  custom:scripting/monoscript/fileName/UIInteractButtonPrompt.cs: 7c97b345d1f2a60dc626be90c0d2326d -> 
  custom:scripting/monoscript/fileName/FlagSetter.cs: 08cab169e59934bf5c358b2424004659 -> 
  custom:scripting/monoscript/fileName/ControlManager.cs: be5d9e01f67967d8ad6ebe7cdd3b13aa -> 
  custom:scripting/monoscript/fileName/ConversationChoiceManager.cs: 36a33dc603447b0ec3970a247664518e -> 
  custom:scripting/monoscript/fileName/Accessibility_Button_Inspector.cs: f7bfd0175f15609298574b6e90453f2a -> 
  custom:scripting/monoscript/fileName/UIStartScreen.cs: ac426685fb5a7f14a30c0f3e103dfdeb -> 
  custom:scripting/monoscript/fileName/Accessibility_GameObjectEnabler_Inspector.cs: 61fd2844f2b20276be0003136161daa8 -> 
  custom:scripting/monoscript/fileName/CameraController.cs: b71d1bb1c8c0dbb9a981f5c477ef2ab9 -> 90f26c7c63924735c23c826b8a781463
  custom:scripting/monoscript/fileName/UIScreen.cs: 830ed55ea0035c496891b182b5f52fcb -> 
  custom:scripting/monoscript/fileName/AccessibleButton.cs: 337fd3580c304fcbfb137a73c6a2f57f -> 
  custom:scripting/monoscript/fileName/UIToggleSidebar.cs: fe5618840f678594d6b1c877f0fadb04 -> 
  custom:scripting/monoscript/fileName/GrabbableItem.cs: 5e246e7b8e36ef5625ebc43c1b473a27 -> 
  custom:scripting/monoscript/fileName/UICloseBlocker.cs: 6afd30ccd5756383ba45bcb87c08ed16 -> 
  custom:scripting/monoscript/fileName/UAP_BaseElement_3D.cs: aac252bc303c16d65e446e7066f2aa8e -> 
  custom:scripting/monoscript/fileName/UIInventorySidebar.cs: 16f51d801cbee7b2b43be3b735a1dfff -> 
  custom:scripting/monoscript/fileName/WindowsTTS.cs: a1a30089d8820425f0876f90a8edc0a0 -> 
  custom:scripting/monoscript/fileName/AccessibilityHelper.cs: 7d4330fb560153af9796ec946a4f5f10 -> 
  custom:scripting/monoscript/fileName/UIItemInfoPopup.cs: 4030cb794313856a97ccc2fc7f12df9d -> 
  custom:scripting/monoscript/fileName/UILogChoiceEntry.cs: 1e820c3187717bdcc9b93d3cf95d1080 -> 
  custom:scripting/monoscript/fileName/Accessibility_Slider_Inspector.cs: 32a38f2b0f092a79a03ee2e2ea9db2d6 -> 
  custom:video-encoder-webm-vp8: eb34c28f22e8b96e1ab97ce403110664 -> 
  custom:scripting/monoscript/fileName/UIThemeData.cs: ad236b74d0aa0818827e53d3bca384e6 -> 
  custom:scripting/monoscript/fileName/UILog.cs: 66184a2c5df6218253c1c1a1927c999d -> 
  custom:scripting/monoscript/fileName/LookableItem.cs: 6360eebaeb85d5e225adf1ce1eb92da3 -> 
  custom:scripting/monoscript/fileName/DialogueHandlerEditor.cs: 21a650fdaec8906d36b2aecc262fc0c8 -> 
  custom:scripting/monoscript/fileName/Accessibility_Label_Inspector.cs: cad41ee7d2fc8d0889c9443172a47217 -> 
  custom:scripting/monoscript/fileName/AccessibleToggle.cs: 042f34a012d5a4687b0c2d4a3871d969 -> 
  custom:audio-decoder-ogg-vorbis: bf7c407c2cedff20999df2af8eb42d56 -> 
  custom:scripting/monoscript/fileName/MultichoiceBehaviour.cs: 283e19287ec6601c304927d1261ecf5a -> 
  custom:scripting/monoscript/fileName/CharacterCameraData.cs: faaebb5a5f968213fb614b56deaa8bd0 -> 
  custom:scripting/monoscript/fileName/UIThemePrefabSlider.cs: 0f5f097f7f4db2e01b8198fbd39e7099 -> 
  custom:scripting/monoscript/fileName/Accessibility_SelectionGroup_Inspector.cs: c0a05ee75fe311989533f0c68c914b36 -> 
  custom:scripting/monoscript/fileName/SubtitleTrack.cs: bfd60ea3eafc6d5985580061e2680098 -> 
  custom:scripting/monoscript/fileName/UITab.cs: ba08aa34b368aac98c5333a159aa65e5 -> 
  custom:scripting/monoscript/fileName/ConversationTSVImporter.cs: 885950b624e322cfbd844e7915ead340 -> 
  custom:scripting/monoscript/fileName/Item.cs: edfd25bbe8f561e55c7415f9c3adacfe -> 
  custom:scripting/monoscript/fileName/Subtitle.cs: a6ccdcd48fa265fa3beeb2ab535f3e86 -> 
  custom:scripting/monoscript/fileName/SaveSystem.cs: 83577e3190e6dde6015cb0fbb03b191f -> 
  custom:scripting/monoscript/fileName/AccessibleUIGroupRoot.cs: 11e03ab7563a9adb6148045b5bf98252 -> 
  custom:scripting/monoscript/fileName/UIEntryBase.cs: 9e81110371a82b11d32f0beaa95a0b69 -> 
  custom:scripting/monoscript/fileName/UIThemePrefab.cs: 3de201965b9d0ffd73859f9c8320101b -> 
  custom:scripting/monoscript/fileName/AccessibleSlider.cs: 5bb244ce01f0d7449a83678052e35aca -> 
  custom:scripting/monoscript/fileName/MultichoiceMixerBehaviour.cs: 2a0c51a482171da8813a21d38aefc0b8 -> 
  custom:scripting/monoscript/fileName/UAP_GameObjectEnabler.cs: e6043aaaa2fbfe552e1764d8b1856239 -> 
  custom:scripting/monoscript/fileName/Accessibility_Label_3D_Inspector.cs: 9efa4d46a39e0156305af225947e732f -> 
  custom:audio-encoder-webm-vorbis: bf7c407c2cedff20999df2af8eb42d56 -> 
  custom:scripting/monoscript/fileName/Accessibility_InspectorShared.cs: c170a87f732e14e2a385c42c718d5c76 -> 
  custom:scripting/monoscript/fileName/UIRoot.cs: cadc746dab08326e6ec1a7671aa5f5d9 -> 
  custom:scripting/precompiled-assembly-types:Assembly-CSharp-Editor: 794dc4f6d0994e526b5a61dc5563eaa5 -> 
  custom:scripting/monoscript/fileName/AccessibleTextEdit.cs: 8dfd241845002d60ed00412c8a448ee4 -> 
  custom:scripting/monoscript/fileName/MultichoiceDrawer.cs: c8d69412b405d87ef8e1d87636414161 -> 
  custom:scripting/monoscript/fileName/SubtitleBehaviour.cs: fd2c79575038f29c05698b30ab64ab3e -> 
  custom:scripting/precompiled-assembly-types:Assembly-CSharp: c18b204c71d69bfbdfd09f407f66626f -> 
  custom:scripting/monoscript/fileName/FlagChecker.cs: 9f83ca1fc5895a0ce85022f07d170f45 -> 
  custom:scripting/monoscript/fileName/UAP_WelcomeWindow.cs: b809cac8dff52955774763c3410c683b -> 
  custom:scripting/monoscript/fileName/UIVideoOptionScreen.cs: 88a470105236125801efb35e02beb646 -> 
  custom:scripting/monoscript/fileName/GroundIndicator.cs: f4f68e6cd1a16286b8fdea27ebcd917a -> 
  custom:scripting/monoscript/fileName/UIThemePrefabToggle.cs: 42e38b11ef9c09653b5f9bbdb1e3b8e3 -> 
  custom:scripting/monoscript/fileName/SpawnPoint.cs: 9b331e38f359e2882248c79d1868200e -> 
  custom:scripting/monoscript/fileName/UAP_AccessibilityManager.cs: fde893aed8964d13ffc7464c06c6dad2 -> 
  custom:scripting/monoscript/fileName/Accessibility_PluginToggle_Inspector.cs: 75b570f77c82b90b79098becfc63f670 -> 
========================================================================
Received Prepare
Caller must complete domain reload
Begin MonoManager ReloadAssembly
- Loaded All Assemblies, in  0.790 seconds
Native extension for WindowsStandalone target not found
Mono: successfully reloaded assembly
- Finished resetting the current domain, in  1.705 seconds
Domain Reload Profiling: 2492ms
	BeginReloadAssembly (224ms)
		ExecutionOrderSort (0ms)
		DisableScriptedObjects (5ms)
		BackupInstance (0ms)
		ReleaseScriptingObjects (0ms)
		CreateAndSetChildDomain (48ms)
	RebuildCommonClasses (40ms)
	RebuildNativeTypeToScriptingClass (14ms)
	initialDomainReloadingComplete (36ms)
	LoadAllAssembliesAndSetupDomain (472ms)
		LoadAssemblies (532ms)
		RebuildTransferFunctionScriptingTraits (0ms)
		AnalyzeDomain (73ms)
			TypeCache.Refresh (22ms)
				TypeCache.ScanAssembly (4ms)
			ScanForSourceGeneratedMonoScriptInfo (35ms)
			ResolveRequiredComponents (15ms)
	FinalizeReload (1705ms)
		ReleaseScriptCaches (0ms)
		RebuildScriptCaches (0ms)
		SetupLoadedEditorAssemblies (779ms)
			LogAssemblyErrors (0ms)
			InitializePlatformSupportModulesInManaged (8ms)
			SetLoadedEditorAssemblies (9ms)
			RefreshPlugins (0ms)
			BeforeProcessingInitializeOnLoad (177ms)
			ProcessInitializeOnLoadAttributes (507ms)
			ProcessInitializeOnLoadMethodAttributes (72ms)
			AfterProcessingInitializeOnLoad (6ms)
			EditorAssembliesLoaded (0ms)
		ExecutionOrderSort2 (0ms)
		AwakeInstancesAfterBackupRestoration (16ms)
Refreshing native plugins compatible for Editor in 9.32 ms, found 5 plugins.
Preloading 0 native plugins for Editor in 0.00 ms.
Unloading 5707 Unused Serialized files (Serialized files now loaded: 0)
Unloading 34 unused Assets / (1.1 MB). Loaded Objects now: 6357.
Memory consumption went from 195.2 MB to 194.1 MB.
Total: 5.911300 ms (FindLiveObjects: 0.721000 ms CreateObjectMapping: 0.207000 ms MarkObjects: 4.241500 ms  DeleteObjects: 0.739400 ms)

Prepare: number of updated asset objects reloaded= 0
AssetImportParameters requested are different than current active one (requested -> active):
  custom:scripting/monoscript/fileName/UIControlCategoryHeader.cs: 2023adafcdf92a1e5a3363df587172c7 -> 
  custom:scripting/monoscript/fileName/ScannerUseHandler.cs: 49da2e1bbc7e061711ca7e7e315be16c -> 
  custom:scripting/monoscript/fileName/SettingContainer.cs: d09bd13b7f06015d6a786683b8acc458 -> 
  custom:scripting/monoscript/fileName/UISoundSettingScreen.cs: 75d74bb0158bdf6a0bf3841b5a520bb2 -> 
  custom:scripting/monoscript/fileName/UAP_SelectionGroup.cs: 003b995697670effc48e0f4c6375edb8 -> 
  custom:scripting/monoscript/fileName/ReserializeAll.cs: 71a8252e14efb77681b3e8cf1a567af2 -> 
  custom:container-demuxer-ogg: 62fdf1f143b41e24485cea50d1cbac27 -> 
  custom:scripting/monoscript/fileName/UIThemePrefabText.cs: 1b45186a7198cc79870b6df7557a6bf1 -> 
  custom:scripting/monoscript/fileName/SubtitleMixerBehaviour.cs: ffad2d0a2e2f2b934e5a3961918b62b5 -> 
  custom:scripting/monoscript/fileName/UIInventoryEntry.cs: 51fdca09a666100f9149542d1b607ebd -> 
  custom:scripting/monoscript/fileName/UIGameSettingScreen.cs: f16297a5c21b7b3bda01d2ac035e1679 -> 
  custom:scripting/monoscript/fileName/UILogEntry.cs: 2b6e2e992176ee73537b5f602ad6e6c7 -> 
  custom:scripting/monoscript/fileName/UAP_CustomTTS.cs: ef942ee7c01f26bc5db5094847e98cde -> 
  custom:scripting/monoscript/fileName/iOSGestures.cs: f02e70daab5ffd7ad64adb91e257308b -> 
  custom:scripting/monoscript/fileName/ConversationChoices.cs: 08a3040b2a82fff63b437025b41f51b8 -> 
  custom:scripting/monoscript/fileName/AccessibleDropdown.cs: 5178a94ea8827ffb8905cb41184faf0b -> 
  custom:video-codec-MediaFoundation-h265: 746d11721c4dcdbdad8f713fa42b33f4 -> 
  custom:scripting/monoscript/fileName/AudioManager.cs: f5e416fd210f0e3b7204d6967aa91cec -> 
  custom:scripting/monoscript/fileName/UIHelpers.cs: b467567be9e1d74cbe35e15266bb437a -> 
  custom:scripting/monoscript/fileName/Accessibility_EditorFunctions.cs: c6efe357ff47fe8fd9314c9c9c15b03a -> 
  custom:scripting/monoscript/fileName/DataReference.cs: 238436edf334193f622735b4b50bd6f1 -> 
  custom:scripting/monoscript/fileName/UIControlSettingBase.cs: 6e7efbd639fc2e1dfb4246ca0f076e20 -> 
  custom:scripting/monoscript/fileName/UAP_BackCloseEventListener.cs: a7dae07d1d4c3a5d619865d203380f27 -> 
  custom:scripting/monoscript/fileName/VirtualCameraMapping.cs: a2173c96934ab0b2b1dd5d982a106876 -> 
  custom:scripting/monoscript/fileName/BaseInteractiveObject.cs: 0702be75262241b893466e47ab9d7115 -> 
  custom:scripting/monoscript/fileName/UIBottomBar.cs: 563310a1db726c89bd5b753c0522d710 -> 
  custom:scripting/monoscript/fileName/Accessibility_Toggle_Inspector.cs: bbef43db2e9760fc7c21a528965da8be -> 
  custom:scripting/monoscript/fileName/UIEndScreen.cs: bf989edd7e0270698589a6674da952a4 -> 
  custom:scripting/monoscript/fileName/InitSystem.cs: 436add8109bc38a7f743aea20c624c6b -> 
  custom:video-decoder-ogg-theora: a1e56fd34408186e4bbccfd4996cb3dc -> 
  custom:scripting/monoscript/fileName/UITooltipPopup.cs: 063f2ccde20c4ec937ffb3e89456bfd8 -> 
  custom:scripting/monoscript/fileName/SubtitleClip.cs: 35640928a8b032bd70b6986d764ccf06 -> 
  custom:scripting/monoscript/fileName/UIComponentInfo.cs: 7da5aa31d0b07d3bb7acaea13f4c946b -> 
  custom:scripting/monoscript/fileName/ToggleElementInfo.cs: 6afd093fba6b4c5510a7a3a574497638 -> 
  custom:framework-win-MediaFoundation: 216162199b28c13a410421893ffa2e32 -> 
  custom:scripting/monoscript/fileName/UIGamepadControlSettingScreen.cs: 2c16cb0859821131063bf37d544c4cb9 -> 
  custom:scripting/monoscript/fileName/AccessibleLabel.cs: 14dc7d55971614e2c68dc32c8a63c549 -> 
  custom:scripting/monoscript/fileName/UAP_BaseElement.cs: e0168bc67cabb56f985a6dbd14d30774 -> 
  custom:scripting/monoscript/fileName/VisualManager.cs: 1079b49ceb8335b9e3b73d7c517fb0e5 -> 
  custom:scripting/monoscript/fileName/SubtitleDrawer.cs: fcdf10931ba5865caeb7a3edfc86970b -> 
  custom:scripting/monoscript/fileName/AnimationController.cs: be29773a7bd4850d65244c939b1d7fbf -> 
  custom:scripting/monoscript/fileName/TeleporterPoint.cs: a6c7222c253024aeb7b65fef61f7f076 -> 
  custom:scripting/monoscript/fileName/EditorUIThemeApplier.cs: 95e6ad177a231b3b3f255076769d1b39 -> 
  custom:scripting/monoscript/fileName/ItemUsageHandler.cs: cc6bc88fb8dc8e7dc82e84936bf9680f -> 
  custom:scripting/monoscript/fileName/UIThemeSpecialRule.cs: 78d3fa91cf1c37bad08f4ccc91045528 -> 
  custom:scripting/monoscript/fileName/UIItemUsePopup.cs: b70cde35028890eb8ed4abacd253323e -> 
  custom:scripting/monoscript/fileName/UIThemeBackground.cs: 61ecc30eb0576a805e84ca322674b8a0 -> 
  custom:scripting/monoscript/fileName/AndroidTTS.cs: 22cd76e117adb050c1582f36d7663757 -> 
  custom:scripting/monoscript/fileName/WebSpeechAPI_TTS.cs: 5f3d624654c003c2cba3a4dd6d69d4f0 -> 
  custom:scripting/monoscript/fileName/MultichoiceTrack.cs: e6a996435983f86addd397e67a46da2c -> 
  custom:scripting/monoscript/fileName/UIThemePrefabImage.cs: 6e5bd7f95b78a783ed1ccec2e9270580 -> 
  custom:scripting/monoscript/fileName/SpawnSystem.cs: 03faf5c5511f0a13c10c0d74b306c7f8 -> 
  custom:scripting/monoscript/fileName/MultiChoiceManager.cs: ed9f3d2ad68f7dfa28d949149c20808a -> 
  custom:scripting/monoscript/fileName/AccessiblePluginToggle.cs: cb3633417efdec8d15ecc27e0bc63fe7 -> 
  custom:scripting/monoscript/fileName/UAP_AudioQueue.cs: e787924b3c1b2ca4157eed2ffad3850a -> 
  custom:scripting/monoscript/fileName/UIDialogueEntry.cs: 3652ae086a196828aeeb8e15467de66a -> 
  custom:CustomObjectIndexerAttribute: 72b91833f83ae208fae7752999fa3104 -> 
  custom:scripting/monoscript/fileName/Accessibility_Button_3D_Inspector.cs: e2a8268ad5018a156fa45c8a4184af9d -> 
  custom:scripting/monoscript/fileName/UIThemePrefabButton.cs: dbd0464ae2f51ff7e503b71cc7eb3eb8 -> 
  custom:scripting/monoscript/fileName/Accessibility_TextEdit_Inspector.cs: b887692deb91f5eb4f55e75084ac937b -> 
  custom:scripting/monoscript/fileName/ScrollRectItemAutoScroll.cs: ab50527bbbc336afd88526a41f142ee4 -> 
  custom:scripting/monoscript/fileName/MacOSTTS.cs: 187989bd9310d2b51baa0bac92608d56 -> 
  custom:scripting/monoscript/fileName/iOSTTS.cs: 17b1c1d09843e162364c2213af450325 -> 
  custom:scripting/monoscript/fileName/NavMeshAgentController.cs: b76c58d815b53088ca687b9897489ec1 -> 
  custom:scripting/monoscript/fileName/UISettingMenu.cs: 1f519e8b172449853b7b0c72acb791cb -> 
  custom:scripting/monoscript/fileName/ConversationCameraDistanceSettings.cs: 29592952c05d993117c2673e441ce215 -> 
  custom:scripting/monoscript/fileName/Inventory.cs: d078795b7125c8d5b747e156a3e12651 -> 
  custom:container-demuxer-webm: 4f35f7cbe854078d1ac9338744f61a02 -> 
  custom:scripting/monoscript/fileName/ChoiceManager.cs: 90647cc400823b41df847a6cbfc29026 -> 
  custom:scripting/monoscript/fileName/UISidebar.cs: 5ab12834d946ace1bfa9b66b7a499aa2 -> 
  custom:scripting/monoscript/fileName/UITooltipArea.cs: 666bc48021c5f82376a4d18a5596510a -> 
  custom:scripting/monoscript/fileName/UITooltipReceiver.cs: f3efa4efdd51226e30a97445a1fe73fe -> 
  custom:scripting/monoscript/fileName/AccessibleButton_3D.cs: 18a001294758e988d488fd4020450b91 -> 
  custom:scripting/monoscript/fileName/UAP_UpdateWindow.cs: 60298131a1e0aad5c068b15eaaec4a26 -> 
  custom:scripting/monoscript/fileName/MemoUseHandler.cs: cf9559f9892112d6f2648e7d52818706 -> 
  custom:scripting/monoscript/fileName/ControlIconSelector.cs: b1a373e9364aaa0997db325c422890ef -> 
  custom:scripting/monoscript/fileName/PadUseHandler.cs: ae895c0933062fa9c54de63674405738 -> 
  custom:scripting/monoscript/fileName/SubtitleManager.cs: 82dbb5d75ee17f2e0f89fc20241e1393 -> 
  custom:scripting/monoscript/fileName/UIToggleButton.cs: 910c96ed42d7be5cd52c13e3832ac9b0 -> 
  custom:scripting/monoscript/fileName/DialogueHandler.cs: 732a2c3376753bdd73e587ff27a60ebc -> 
  custom:scripting/monoscript/fileName/AccessibleLabel_3D.cs: ffb4ee3f6b5a07c24ebe1013eef084eb -> 
  custom:scripting/monoscript/fileName/UIRemappingButton.cs: 5fcd73a8982d4367b765b5cabec80bbe -> 
  custom:scripting/monoscript/fileName/Decoder.cs: 746524a1debc7b6a5578f678bb51e2bf -> 
  custom:scripting/monoscript/fileName/SubtitleIdentifier.cs: 38552a464e711e7c397925bc303f2d8f -> 
  custom:scripting/monoscript/fileName/UIVolumeSliders.cs: da286ec9a7479d4fcd8d56d5d98e4657 -> 
  custom:scripting/monoscript/fileName/BaseChoiceManager.cs: 8e194bdf48ff55d6e37e7e56add81161 -> 
  custom:scripting/monoscript/fileName/UAP_ScrollControl.cs: adfe3f9331b1ec825e95e436750beed4 -> 
  custom:scripting/monoscript/fileName/Custom_TTS_Template.cs: fcbd5e9d71417750f51279561bb1b096 -> 
  custom:scripting/monoscript/fileName/UAP_VirtualKeyboard.cs: d7a418de072bd8b8ee4b40780fa7ca49 -> 
  custom:scripting/monoscript/fileName/DropdownElementInfo.cs: 2e87981c9728401ebe0feaa894c17903 -> 
  custom:scripting/monoscript/fileName/Google_TTS.cs: cb7d03114ee7d553f079444cc848de18 -> 
  custom:scripting/monoscript/fileName/MultichoiceClip.cs: 8a5b22519dad137d3c6ed2c6549d5e57 -> 
  custom:scripting/monoscript/fileName/UIActivableSlider.cs: 7d2a014985a9c1b1719767f5f4651549 -> 
  custom:scripting/monoscript/fileName/UIInputRemapEntry.cs: 73ede24016e2cad7ed6225708aff3518 -> 
  custom:container-muxer-webm: aa71ff27fc2769a1b78a27578f13a17b -> 
  custom:scripting/monoscript/fileName/Accessibility_Inspector.cs: c7643e4ec333550e6b052dada0b456d6 -> 
  custom:video-decoder-webm-vp8: 9c59270c3fd7afecdb556c50c9e8de78 -> 
  custom:scripting/monoscript/fileName/SceneAudioData.cs: a3e6799015589583291f941a09ab40bd -> 
  custom:scripting/monoscript/fileName/GameStateManager.cs: bf23ee76960a2deda5812a647ba7fd49 -> 
  custom:scripting/monoscript/fileName/UIThemePrefabButtonIcon.cs: 8c710e48d82c096a27719c24df5bc3fc -> 
  custom:scripting/monoscript/fileName/StateInfoHandler.cs: c5af633b417a38de3f6c702c2cf93ab1 -> 
  custom:scripting/monoscript/fileName/UIDialogueWindow.cs: 15409b52359f6a56d667f8d4739a037b -> 
  custom:scripting/monoscript/fileName/Accessibility_Container_Inspector.cs: cbef492d9f8887c0984c38b1e395c937 -> 
  custom:SearchIndexIgnoredProperties: e643bd26f0fe6173181afceb89e7c659 -> 
  custom:scripting/monoscript/fileName/StartPopup.cs: 85eb3fb4ea1855a411b8e7f0a07bad6a -> 
  custom:scripting/monoscript/fileName/UIChoiceEntry.cs: 8113172d41510462fe3b25c5d612485c -> 
  custom:scripting/monoscript/fileName/Accessibility_Dropdown_Inspector.cs: 2cdd88f9c19aab3072dd799afdb7ea7f -> 
  custom:AudioImporter_EditorPlatform: d09bf68614088b80899f8185d706f6e7 -> 
  custom:scripting/monoscript/fileName/DialogueInteractiveObject.cs: 3044d62821a9848d1f59621deeeac3f5 -> 
  custom:scripting/monoscript/fileName/UIModalPopup.cs: f7d49afeb16f640c2d31910fa80ded2e -> 
  custom:scripting/monoscript/fileName/UIKeyboardControlSettingScreen.cs: cb584da718e36ec686f29411f8a4471b -> 
  custom:scripting/monoscript/fileName/UIInteractButtonPrompt.cs: 7c97b345d1f2a60dc626be90c0d2326d -> 
  custom:scripting/monoscript/fileName/FlagSetter.cs: 08cab169e59934bf5c358b2424004659 -> 
  custom:scripting/monoscript/fileName/ControlManager.cs: be5d9e01f67967d8ad6ebe7cdd3b13aa -> 
  custom:scripting/monoscript/fileName/ConversationChoiceManager.cs: 36a33dc603447b0ec3970a247664518e -> 
  custom:scripting/monoscript/fileName/Accessibility_Button_Inspector.cs: f7bfd0175f15609298574b6e90453f2a -> 
  custom:scripting/monoscript/fileName/UIStartScreen.cs: ac426685fb5a7f14a30c0f3e103dfdeb -> 
  custom:scripting/monoscript/fileName/Accessibility_GameObjectEnabler_Inspector.cs: 61fd2844f2b20276be0003136161daa8 -> 
  custom:scripting/monoscript/fileName/CameraController.cs: b71d1bb1c8c0dbb9a981f5c477ef2ab9 -> 90f26c7c63924735c23c826b8a781463
  custom:scripting/monoscript/fileName/UIScreen.cs: 830ed55ea0035c496891b182b5f52fcb -> 
  custom:scripting/monoscript/fileName/AccessibleButton.cs: 337fd3580c304fcbfb137a73c6a2f57f -> 
  custom:scripting/monoscript/fileName/UIToggleSidebar.cs: fe5618840f678594d6b1c877f0fadb04 -> 
  custom:scripting/monoscript/fileName/GrabbableItem.cs: 5e246e7b8e36ef5625ebc43c1b473a27 -> 
  custom:scripting/monoscript/fileName/UICloseBlocker.cs: 6afd30ccd5756383ba45bcb87c08ed16 -> 
  custom:scripting/monoscript/fileName/UAP_BaseElement_3D.cs: aac252bc303c16d65e446e7066f2aa8e -> 
  custom:scripting/monoscript/fileName/UIInventorySidebar.cs: 16f51d801cbee7b2b43be3b735a1dfff -> 
  custom:scripting/monoscript/fileName/WindowsTTS.cs: a1a30089d8820425f0876f90a8edc0a0 -> 
  custom:scripting/monoscript/fileName/AccessibilityHelper.cs: 7d4330fb560153af9796ec946a4f5f10 -> 
  custom:scripting/monoscript/fileName/UIItemInfoPopup.cs: 4030cb794313856a97ccc2fc7f12df9d -> 
  custom:scripting/monoscript/fileName/UILogChoiceEntry.cs: 1e820c3187717bdcc9b93d3cf95d1080 -> 
  custom:scripting/monoscript/fileName/Accessibility_Slider_Inspector.cs: 32a38f2b0f092a79a03ee2e2ea9db2d6 -> 
  custom:video-encoder-webm-vp8: eb34c28f22e8b96e1ab97ce403110664 -> 
  custom:scripting/monoscript/fileName/UIThemeData.cs: ad236b74d0aa0818827e53d3bca384e6 -> 
  custom:scripting/monoscript/fileName/UILog.cs: 66184a2c5df6218253c1c1a1927c999d -> 
  custom:scripting/monoscript/fileName/LookableItem.cs: 6360eebaeb85d5e225adf1ce1eb92da3 -> 
  custom:scripting/monoscript/fileName/DialogueHandlerEditor.cs: 21a650fdaec8906d36b2aecc262fc0c8 -> 
  custom:scripting/monoscript/fileName/Accessibility_Label_Inspector.cs: cad41ee7d2fc8d0889c9443172a47217 -> 
  custom:scripting/monoscript/fileName/AccessibleToggle.cs: 042f34a012d5a4687b0c2d4a3871d969 -> 
  custom:audio-decoder-ogg-vorbis: bf7c407c2cedff20999df2af8eb42d56 -> 
  custom:scripting/monoscript/fileName/MultichoiceBehaviour.cs: 283e19287ec6601c304927d1261ecf5a -> 
  custom:scripting/monoscript/fileName/CharacterCameraData.cs: faaebb5a5f968213fb614b56deaa8bd0 -> 
  custom:scripting/monoscript/fileName/UIThemePrefabSlider.cs: 0f5f097f7f4db2e01b8198fbd39e7099 -> 
  custom:scripting/monoscript/fileName/Accessibility_SelectionGroup_Inspector.cs: c0a05ee75fe311989533f0c68c914b36 -> 
  custom:scripting/monoscript/fileName/SubtitleTrack.cs: bfd60ea3eafc6d5985580061e2680098 -> 
  custom:scripting/monoscript/fileName/UITab.cs: ba08aa34b368aac98c5333a159aa65e5 -> 
  custom:scripting/monoscript/fileName/ConversationTSVImporter.cs: 885950b624e322cfbd844e7915ead340 -> 
  custom:scripting/monoscript/fileName/Item.cs: edfd25bbe8f561e55c7415f9c3adacfe -> 
  custom:scripting/monoscript/fileName/Subtitle.cs: a6ccdcd48fa265fa3beeb2ab535f3e86 -> 
  custom:scripting/monoscript/fileName/SaveSystem.cs: 83577e3190e6dde6015cb0fbb03b191f -> 
  custom:scripting/monoscript/fileName/AccessibleUIGroupRoot.cs: 11e03ab7563a9adb6148045b5bf98252 -> 
  custom:scripting/monoscript/fileName/UIEntryBase.cs: 9e81110371a82b11d32f0beaa95a0b69 -> 
  custom:scripting/monoscript/fileName/UIThemePrefab.cs: 3de201965b9d0ffd73859f9c8320101b -> 
  custom:scripting/monoscript/fileName/AccessibleSlider.cs: 5bb244ce01f0d7449a83678052e35aca -> 
  custom:scripting/monoscript/fileName/MultichoiceMixerBehaviour.cs: 2a0c51a482171da8813a21d38aefc0b8 -> 
  custom:scripting/monoscript/fileName/UAP_GameObjectEnabler.cs: e6043aaaa2fbfe552e1764d8b1856239 -> 
  custom:scripting/monoscript/fileName/Accessibility_Label_3D_Inspector.cs: 9efa4d46a39e0156305af225947e732f -> 
  custom:audio-encoder-webm-vorbis: bf7c407c2cedff20999df2af8eb42d56 -> 
  custom:scripting/monoscript/fileName/Accessibility_InspectorShared.cs: c170a87f732e14e2a385c42c718d5c76 -> 
  custom:scripting/monoscript/fileName/UIRoot.cs: cadc746dab08326e6ec1a7671aa5f5d9 -> 
  custom:scripting/precompiled-assembly-types:Assembly-CSharp-Editor: 794dc4f6d0994e526b5a61dc5563eaa5 -> 
  custom:scripting/monoscript/fileName/AccessibleTextEdit.cs: 8dfd241845002d60ed00412c8a448ee4 -> 
  custom:scripting/monoscript/fileName/MultichoiceDrawer.cs: c8d69412b405d87ef8e1d87636414161 -> 
  custom:scripting/monoscript/fileName/SubtitleBehaviour.cs: fd2c79575038f29c05698b30ab64ab3e -> 
  custom:scripting/precompiled-assembly-types:Assembly-CSharp: 168520046d3feda7bf74c366683a119e -> 
  custom:scripting/monoscript/fileName/FlagChecker.cs: 9f83ca1fc5895a0ce85022f07d170f45 -> 
  custom:scripting/monoscript/fileName/UAP_WelcomeWindow.cs: b809cac8dff52955774763c3410c683b -> 
  custom:scripting/monoscript/fileName/UIVideoOptionScreen.cs: 88a470105236125801efb35e02beb646 -> 
  custom:scripting/monoscript/fileName/GroundIndicator.cs: f4f68e6cd1a16286b8fdea27ebcd917a -> 
  custom:scripting/monoscript/fileName/UIThemePrefabToggle.cs: 42e38b11ef9c09653b5f9bbdb1e3b8e3 -> 
  custom:scripting/monoscript/fileName/SpawnPoint.cs: 9b331e38f359e2882248c79d1868200e -> 
  custom:scripting/monoscript/fileName/UAP_AccessibilityManager.cs: fde893aed8964d13ffc7464c06c6dad2 -> 
  custom:scripting/monoscript/fileName/Accessibility_PluginToggle_Inspector.cs: 75b570f77c82b90b79098becfc63f670 -> 
========================================================================
Received Import Request.
  Time since last request: 3686.033382 seconds.
  path: Assets/Scripts/Decoder.cs
  artifactKey: Guid(379ebb234d48f524aacb346661a8ae3f) Importer(815301076,1909f56bfc062723c751e8b465ee728b)
Start importing Assets/Scripts/Decoder.cs using Guid(379ebb234d48f524aacb346661a8ae3f) Importer(815301076,1909f56bfc062723c751e8b465ee728b) [PhysX] Initialized MultithreadedTaskDispatcher with 16 workers.
 -> (artifact id: '6679e31bac768cd5a102bedadaba5747') in 0.004479 seconds
Number of updated asset objects reloaded before import = 0
Number of asset objects unloaded after import = 0
