Using pre-set license
Built from '2022.3/staging' branch; Version is '2022.3.62f1 (4af31df58517) revision 4911901'; Using compiler version '192829333'; Build Type 'Release'
OS: 'Windows 11  (10.0.22631) 64bit CoreSingleLanguage' Language: 'ru' Physical Memory: 15791 MB
BatchMode: 1, IsHumanControllingUs: 0, StartBugReporterOnCrash: 0, Is64bit: 1, IsPro: 1

COMMAND LINE ARGUMENTS:
C:\Program Files\Unity\Hub\Editor\2022.3.62f1\Editor\Unity.exe
-adb2
-batchMode
-noUpm
-name
AssetImportWorker0
-projectPath
C:/Users/galee/OneDrive/Рабочий стол/GSS/Projects/Screenwriter
-logFile
Logs/AssetImportWorker0.log
-srvPort
62303
Successfully changed project path to: C:/Users/galee/OneDrive/Рабочий стол/GSS/Projects/Screenwriter
C:/Users/galee/OneDrive/Рабочий стол/GSS/Projects/Screenwriter
[UnityMemory] Configuration Parameters - Can be set up in boot.config
    "memorysetup-bucket-allocator-granularity=16"
    "memorysetup-bucket-allocator-bucket-count=8"
    "memorysetup-bucket-allocator-block-size=33554432"
    "memorysetup-bucket-allocator-block-count=8"
    "memorysetup-main-allocator-block-size=16777216"
    "memorysetup-thread-allocator-block-size=16777216"
    "memorysetup-gfx-main-allocator-block-size=16777216"
    "memorysetup-gfx-thread-allocator-block-size=16777216"
    "memorysetup-cache-allocator-block-size=4194304"
    "memorysetup-typetree-allocator-block-size=2097152"
    "memorysetup-profiler-bucket-allocator-granularity=16"
    "memorysetup-profiler-bucket-allocator-bucket-count=8"
    "memorysetup-profiler-bucket-allocator-block-size=33554432"
    "memorysetup-profiler-bucket-allocator-block-count=8"
    "memorysetup-profiler-allocator-block-size=16777216"
    "memorysetup-profiler-editor-allocator-block-size=1048576"
    "memorysetup-temp-allocator-size-main=16777216"
    "memorysetup-job-temp-allocator-block-size=2097152"
    "memorysetup-job-temp-allocator-block-size-background=1048576"
    "memorysetup-job-temp-allocator-reduction-small-platforms=262144"
    "memorysetup-allocator-temp-initial-block-size-main=262144"
    "memorysetup-allocator-temp-initial-block-size-worker=262144"
    "memorysetup-temp-allocator-size-background-worker=32768"
    "memorysetup-temp-allocator-size-job-worker=262144"
    "memorysetup-temp-allocator-size-preload-manager=33554432"
    "memorysetup-temp-allocator-size-nav-mesh-worker=65536"
    "memorysetup-temp-allocator-size-audio-worker=65536"
    "memorysetup-temp-allocator-size-cloud-worker=32768"
    "memorysetup-temp-allocator-size-gi-baking-worker=262144"
    "memorysetup-temp-allocator-size-gfx=262144"
Player connection [22708]  Target information:

Player connection [22708]  * "[IP] 26.15.136.181 [Port] 0 [Flags] 2 [Guid] 1042335070 [EditorId] 1042335070 [Version] 1048832 [Id] WindowsEditor(7,LAPTOP-R7AT6JRJ) [Debug] 1 [PackageName] WindowsEditor [ProjectName] Editor" 

Player connection [22708]  * "[IP] 10.82.5.114 [Port] 0 [Flags] 2 [Guid] 1042335070 [EditorId] 1042335070 [Version] 1048832 [Id] WindowsEditor(7,LAPTOP-R7AT6JRJ) [Debug] 1 [PackageName] WindowsEditor [ProjectName] Editor" 

Player connection [22708] Host joined multi-casting on [225.0.0.222:54997]...
Player connection [22708] Host joined alternative multi-casting on [225.0.0.222:34997]...
Input System module state changed to: Initialized.
[PhysX] Initialized MultithreadedTaskDispatcher with 16 workers.
Refreshing native plugins compatible for Editor in 394.13 ms, found 5 plugins.
Preloading 0 native plugins for Editor in 0.00 ms.
Initialize engine version: 2022.3.62f1 (4af31df58517)
[Subsystems] Discovering subsystems at path C:/Program Files/Unity/Hub/Editor/2022.3.62f1/Editor/Data/Resources/UnitySubsystems
[Subsystems] Discovering subsystems at path C:/Users/galee/OneDrive/Рабочий стол/GSS/Projects/Screenwriter/Assets
GfxDevice: creating device client; threaded=0; jobified=0
Direct3D:
    Version:  Direct3D 11.0 [level 11.1]
    Renderer: NVIDIA GeForce RTX 3050 Ti Laptop GPU (ID=0x25a0)
    Vendor:   NVIDIA
    VRAM:     3962 MB
    Driver:   32.0.15.6607
Initialize mono
Mono path[0] = 'C:/Program Files/Unity/Hub/Editor/2022.3.62f1/Editor/Data/Managed'
Mono path[1] = 'C:/Program Files/Unity/Hub/Editor/2022.3.62f1/Editor/Data/MonoBleedingEdge/lib/mono/unityjit-win32'
Mono config path = 'C:/Program Files/Unity/Hub/Editor/2022.3.62f1/Editor/Data/MonoBleedingEdge/etc'
Using monoOptions --debugger-agent=transport=dt_socket,embedding=1,server=y,suspend=n,address=127.0.0.1:56144
Begin MonoManager ReloadAssembly
Registering precompiled unity dll's ...
Register platform support module: C:/Program Files/Unity/Hub/Editor/2022.3.62f1/Editor/Data/PlaybackEngines/WindowsStandaloneSupport/UnityEditor.WindowsStandalone.Extensions.dll
Registered in 0.008253 seconds.
- Loaded All Assemblies, in  0.603 seconds
Native extension for WindowsStandalone target not found
Mono: successfully reloaded assembly
- Finished resetting the current domain, in  0.393 seconds
Domain Reload Profiling: 994ms
	BeginReloadAssembly (252ms)
		ExecutionOrderSort (0ms)
		DisableScriptedObjects (0ms)
		BackupInstance (0ms)
		ReleaseScriptingObjects (0ms)
		CreateAndSetChildDomain (1ms)
	RebuildCommonClasses (45ms)
	RebuildNativeTypeToScriptingClass (12ms)
	initialDomainReloadingComplete (73ms)
	LoadAllAssembliesAndSetupDomain (218ms)
		LoadAssemblies (251ms)
		RebuildTransferFunctionScriptingTraits (0ms)
		AnalyzeDomain (214ms)
			TypeCache.Refresh (210ms)
				TypeCache.ScanAssembly (185ms)
			ScanForSourceGeneratedMonoScriptInfo (1ms)
			ResolveRequiredComponents (2ms)
	FinalizeReload (394ms)
		ReleaseScriptCaches (0ms)
		RebuildScriptCaches (0ms)
		SetupLoadedEditorAssemblies (321ms)
			LogAssemblyErrors (0ms)
			InitializePlatformSupportModulesInManaged (16ms)
			SetLoadedEditorAssemblies (13ms)
			RefreshPlugins (0ms)
			BeforeProcessingInitializeOnLoad (4ms)
			ProcessInitializeOnLoadAttributes (217ms)
			ProcessInitializeOnLoadMethodAttributes (70ms)
			AfterProcessingInitializeOnLoad (0ms)
			EditorAssembliesLoaded (0ms)
		ExecutionOrderSort2 (0ms)
		AwakeInstancesAfterBackupRestoration (0ms)
========================================================================
Worker process is ready to serve import requests
Caller must complete domain reload
Begin MonoManager ReloadAssembly
- Loaded All Assemblies, in  1.641 seconds
Native extension for WindowsStandalone target not found
Mono: successfully reloaded assembly
- Finished resetting the current domain, in  1.039 seconds
Domain Reload Profiling: 2677ms
	BeginReloadAssembly (233ms)
		ExecutionOrderSort (0ms)
		DisableScriptedObjects (8ms)
		BackupInstance (0ms)
		ReleaseScriptingObjects (0ms)
		CreateAndSetChildDomain (42ms)
	RebuildCommonClasses (43ms)
	RebuildNativeTypeToScriptingClass (13ms)
	initialDomainReloadingComplete (61ms)
	LoadAllAssembliesAndSetupDomain (1287ms)
		LoadAssemblies (1072ms)
		RebuildTransferFunctionScriptingTraits (0ms)
		AnalyzeDomain (352ms)
			TypeCache.Refresh (295ms)
				TypeCache.ScanAssembly (269ms)
			ScanForSourceGeneratedMonoScriptInfo (35ms)
			ResolveRequiredComponents (20ms)
	FinalizeReload (1040ms)
		ReleaseScriptCaches (0ms)
		RebuildScriptCaches (0ms)
		SetupLoadedEditorAssemblies (829ms)
			LogAssemblyErrors (0ms)
			InitializePlatformSupportModulesInManaged (8ms)
			SetLoadedEditorAssemblies (8ms)
			RefreshPlugins (0ms)
			BeforeProcessingInitializeOnLoad (170ms)
			ProcessInitializeOnLoadAttributes (553ms)
			ProcessInitializeOnLoadMethodAttributes (84ms)
			AfterProcessingInitializeOnLoad (6ms)
			EditorAssembliesLoaded (0ms)
		ExecutionOrderSort2 (0ms)
		AwakeInstancesAfterBackupRestoration (6ms)
Launched and connected shader compiler UnityShaderCompiler.exe after 0.08 seconds
Refreshing native plugins compatible for Editor in 21.62 ms, found 5 plugins.
Preloading 0 native plugins for Editor in 0.00 ms.
Unloading 5863 Unused Serialized files (Serialized files now loaded: 0)
Unloading 40 unused Assets / (417.6 KB). Loaded Objects now: 6330.
Memory consumption went from 224.5 MB to 224.1 MB.
Total: 11.075600 ms (FindLiveObjects: 1.666000 ms CreateObjectMapping: 1.158100 ms MarkObjects: 7.637500 ms  DeleteObjects: 0.611000 ms)

AssetImportParameters requested are different than current active one (requested -> active):
  custom:container-demuxer-ogg: 62fdf1f143b41e24485cea50d1cbac27 -> 
  custom:video-codec-MediaFoundation-h265: 746d11721c4dcdbdad8f713fa42b33f4 -> 
  custom:video-decoder-ogg-theora: a1e56fd34408186e4bbccfd4996cb3dc -> 
  custom:framework-win-MediaFoundation: 216162199b28c13a410421893ffa2e32 -> 
  custom:CustomObjectIndexerAttribute: 72b91833f83ae208fae7752999fa3104 -> 
  custom:container-demuxer-webm: 4f35f7cbe854078d1ac9338744f61a02 -> 
  custom:container-muxer-webm: aa71ff27fc2769a1b78a27578f13a17b -> 
  custom:video-decoder-webm-vp8: 9c59270c3fd7afecdb556c50c9e8de78 -> 
  custom:SearchIndexIgnoredProperties: e643bd26f0fe6173181afceb89e7c659 -> 
  custom:AudioImporter_EditorPlatform: d09bf68614088b80899f8185d706f6e7 -> 
  custom:video-encoder-webm-vp8: eb34c28f22e8b96e1ab97ce403110664 -> 
  custom:audio-decoder-ogg-vorbis: bf7c407c2cedff20999df2af8eb42d56 -> 
  custom:audio-encoder-webm-vorbis: bf7c407c2cedff20999df2af8eb42d56 -> 
========================================================================
Received Import Request.
  Time since last request: 230510.094602 seconds.
  path: Assets/OutOfCirculation/Art/Models/Characters/Wink/Materials/Wink_material_Metallic.mat
  artifactKey: Guid(9a430b15bd4453049b64371c5b3a5386) Importer(815301076,1909f56bfc062723c751e8b465ee728b)
Start importing Assets/OutOfCirculation/Art/Models/Characters/Wink/Materials/Wink_material_Metallic.mat using Guid(9a430b15bd4453049b64371c5b3a5386) Importer(815301076,1909f56bfc062723c751e8b465ee728b) [PhysX] Initialized MultithreadedTaskDispatcher with 16 workers.
[PhysX] Initialized MultithreadedTaskDispatcher with 16 workers.
 -> (artifact id: '1c69847d08ff8b3999f617619d3d163a') in 0.756023 seconds
Number of updated asset objects reloaded before import = 0
Number of asset objects unloaded after import = 20
========================================================================
Received Import Request.
  Time since last request: 0.000106 seconds.
  path: Assets/OutOfCirculation/Art/Materials/General_Documents.mat
  artifactKey: Guid(e0a17ef6ffcecd24f87f6c9fea09ef0a) Importer(815301076,1909f56bfc062723c751e8b465ee728b)
Start importing Assets/OutOfCirculation/Art/Materials/General_Documents.mat using Guid(e0a17ef6ffcecd24f87f6c9fea09ef0a) Importer(815301076,1909f56bfc062723c751e8b465ee728b) [PhysX] Initialized MultithreadedTaskDispatcher with 16 workers.
[PhysX] Initialized MultithreadedTaskDispatcher with 16 workers.
 -> (artifact id: '4eceb1ce17699cb55768dc62e040b67a') in 0.035636 seconds
Number of updated asset objects reloaded before import = 0
Number of asset objects unloaded after import = 2
========================================================================
Received Import Request.
  Time since last request: 0.000036 seconds.
  path: Assets/OutOfCirculation/Art/Materials/Street_Props.mat
  artifactKey: Guid(3e07052cdab2b584f84b54d568b283ae) Importer(815301076,1909f56bfc062723c751e8b465ee728b)
Start importing Assets/OutOfCirculation/Art/Materials/Street_Props.mat using Guid(3e07052cdab2b584f84b54d568b283ae) Importer(815301076,1909f56bfc062723c751e8b465ee728b) [PhysX] Initialized MultithreadedTaskDispatcher with 16 workers.
[PhysX] Initialized MultithreadedTaskDispatcher with 16 workers.
 -> (artifact id: 'a9070fddade8eaa78da0509485b13737') in 1.534447 seconds
Number of updated asset objects reloaded before import = 0
Number of asset objects unloaded after import = 6
========================================================================
Received Import Request.
  Time since last request: 0.000080 seconds.
  path: Assets/OutOfCirculation/Art/Materials/SignLibraryBacking.mat
  artifactKey: Guid(20b596d4ca76b7642bf4151c68e9df40) Importer(815301076,1909f56bfc062723c751e8b465ee728b)
Start importing Assets/OutOfCirculation/Art/Materials/SignLibraryBacking.mat using Guid(20b596d4ca76b7642bf4151c68e9df40) Importer(815301076,1909f56bfc062723c751e8b465ee728b) [PhysX] Initialized MultithreadedTaskDispatcher with 16 workers.
[PhysX] Initialized MultithreadedTaskDispatcher with 16 workers.
 -> (artifact id: '0d1be088a76d1f7f0fff0029b2802fba') in 0.030494 seconds
Number of updated asset objects reloaded before import = 0
Number of asset objects unloaded after import = 2
========================================================================
Received Import Request.
  Time since last request: 0.000064 seconds.
  path: Assets/OutOfCirculation/Art/Shaders/VegetationShader.shadergraph
  artifactKey: Guid(de8b97e2bad64a044b8b655056ae29db) Importer(815301076,1909f56bfc062723c751e8b465ee728b)
Start importing Assets/OutOfCirculation/Art/Shaders/VegetationShader.shadergraph using Guid(de8b97e2bad64a044b8b655056ae29db) Importer(815301076,1909f56bfc062723c751e8b465ee728b) [PhysX] Initialized MultithreadedTaskDispatcher with 16 workers.
[PhysX] Initialized MultithreadedTaskDispatcher with 16 workers.
 -> (artifact id: '9c021d35ee0ad910434a2c7152c5d1ea') in 1.745915 seconds
Number of updated asset objects reloaded before import = 0
Number of asset objects unloaded after import = 4
========================================================================
Received Import Request.
  Time since last request: 0.000054 seconds.
  path: Assets/OutOfCirculation/Art/Materials/WitchHouseBackingAndPosters.mat
  artifactKey: Guid(c221cf1dd90ea5d4aa87e193a4eb1dbb) Importer(815301076,1909f56bfc062723c751e8b465ee728b)
Start importing Assets/OutOfCirculation/Art/Materials/WitchHouseBackingAndPosters.mat using Guid(c221cf1dd90ea5d4aa87e193a4eb1dbb) Importer(815301076,1909f56bfc062723c751e8b465ee728b) [PhysX] Initialized MultithreadedTaskDispatcher with 16 workers.
[PhysX] Initialized MultithreadedTaskDispatcher with 16 workers.
 -> (artifact id: '455274e8fa333a8e8118053f1a9921aa') in 0.066633 seconds
Number of updated asset objects reloaded before import = 0
Number of asset objects unloaded after import = 5
========================================================================
Received Import Request.
  Time since last request: 0.000056 seconds.
  path: Assets/OutOfCirculation/Art/Materials/WitchHouse_Liquid.mat
  artifactKey: Guid(cc507f239c49e654f93133bd2fb2986a) Importer(815301076,1909f56bfc062723c751e8b465ee728b)
Start importing Assets/OutOfCirculation/Art/Materials/WitchHouse_Liquid.mat using Guid(cc507f239c49e654f93133bd2fb2986a) Importer(815301076,1909f56bfc062723c751e8b465ee728b) [PhysX] Initialized MultithreadedTaskDispatcher with 16 workers.
[PhysX] Initialized MultithreadedTaskDispatcher with 16 workers.
 -> (artifact id: '481a91b0660840556ec3ed9f96c4d889') in 0.033498 seconds
Number of updated asset objects reloaded before import = 0
Number of asset objects unloaded after import = 2
========================================================================
Received Import Request.
  Time since last request: 0.000057 seconds.
  path: Assets/OutOfCirculation/Art/Animations/Wink/Wink_Talk.fbx
  artifactKey: Guid(89ce920c2e4288c40b41b26b2ff459b2) Importer(815301076,1909f56bfc062723c751e8b465ee728b)
Start importing Assets/OutOfCirculation/Art/Animations/Wink/Wink_Talk.fbx using Guid(89ce920c2e4288c40b41b26b2ff459b2) Importer(815301076,1909f56bfc062723c751e8b465ee728b) [PhysX] Initialized MultithreadedTaskDispatcher with 16 workers.
[PhysX] Initialized MultithreadedTaskDispatcher with 16 workers.
[PhysX] Initialized MultithreadedTaskDispatcher with 16 workers.
[PhysX] Initialized MultithreadedTaskDispatcher with 16 workers.
[PhysX] Initialized MultithreadedTaskDispatcher with 16 workers.
 -> (artifact id: 'ab4f2a6326ec9f0872b087e9ac9fdc36') in 0.371412 seconds
Number of updated asset objects reloaded before import = 0
Number of asset objects unloaded after import = 78
========================================================================
Received Import Request.
  Time since last request: 0.000059 seconds.
  path: Assets/OutOfCirculation/Art/Materials/Wink_Material.mat
  artifactKey: Guid(96005dd703a520041a6ce77a73ee5335) Importer(815301076,1909f56bfc062723c751e8b465ee728b)
Start importing Assets/OutOfCirculation/Art/Materials/Wink_Material.mat using Guid(96005dd703a520041a6ce77a73ee5335) Importer(815301076,1909f56bfc062723c751e8b465ee728b) [PhysX] Initialized MultithreadedTaskDispatcher with 16 workers.
[PhysX] Initialized MultithreadedTaskDispatcher with 16 workers.
 -> (artifact id: '54f09648a09e0eb84ccabce4d57fcd9b') in 0.082341 seconds
Number of updated asset objects reloaded before import = 0
Number of asset objects unloaded after import = 5
========================================================================
Received Import Request.
  Time since last request: 0.000051 seconds.
  path: Assets/OutOfCirculation/Art/Images/WitchShop_StreetPlaceholder1.mat
  artifactKey: Guid(7b7d3e77fafcc0d40a332b2e9fd4c6e0) Importer(815301076,1909f56bfc062723c751e8b465ee728b)
Start importing Assets/OutOfCirculation/Art/Images/WitchShop_StreetPlaceholder1.mat using Guid(7b7d3e77fafcc0d40a332b2e9fd4c6e0) Importer(815301076,1909f56bfc062723c751e8b465ee728b) [PhysX] Initialized MultithreadedTaskDispatcher with 16 workers.
[PhysX] Initialized MultithreadedTaskDispatcher with 16 workers.
 -> (artifact id: '5872e2bef5b5546e368c369272c68176') in 1.369683 seconds
Number of updated asset objects reloaded before import = 0
Number of asset objects unloaded after import = 3
========================================================================
Received Import Request.
  Time since last request: 0.000041 seconds.
  path: Assets/OutOfCirculation/Art/Materials/Library_Walls.mat
  artifactKey: Guid(98cca49549e7a584c88514117dba011f) Importer(815301076,1909f56bfc062723c751e8b465ee728b)
Start importing Assets/OutOfCirculation/Art/Materials/Library_Walls.mat using Guid(98cca49549e7a584c88514117dba011f) Importer(815301076,1909f56bfc062723c751e8b465ee728b) [PhysX] Initialized MultithreadedTaskDispatcher with 16 workers.
[PhysX] Initialized MultithreadedTaskDispatcher with 16 workers.
 -> (artifact id: 'ba28eaf0962b345c0fdc56e087756608') in 1.442328 seconds
Number of updated asset objects reloaded before import = 0
Number of asset objects unloaded after import = 6
========================================================================
Received Import Request.
  Time since last request: 0.000095 seconds.
  path: Assets/OutOfCirculation/Art/Materials/SelfIlluminatedRed.mat
  artifactKey: Guid(791d34b4986acd74aa1fbda7f55d40ca) Importer(815301076,1909f56bfc062723c751e8b465ee728b)
Start importing Assets/OutOfCirculation/Art/Materials/SelfIlluminatedRed.mat using Guid(791d34b4986acd74aa1fbda7f55d40ca) Importer(815301076,1909f56bfc062723c751e8b465ee728b) [PhysX] Initialized MultithreadedTaskDispatcher with 16 workers.
[PhysX] Initialized MultithreadedTaskDispatcher with 16 workers.
 -> (artifact id: '186a22c7fd4d85d568428f858ba30604') in 0.029034 seconds
Number of updated asset objects reloaded before import = 0
Number of asset objects unloaded after import = 2
========================================================================
Received Import Request.
  Time since last request: 0.000104 seconds.
  path: Assets/OutOfCirculation/Art/Materials/WitchHouseLighting.mat
  artifactKey: Guid(b31ea6ca3424b6d4cbaa32ac3944997f) Importer(815301076,1909f56bfc062723c751e8b465ee728b)
Start importing Assets/OutOfCirculation/Art/Materials/WitchHouseLighting.mat using Guid(b31ea6ca3424b6d4cbaa32ac3944997f) Importer(815301076,1909f56bfc062723c751e8b465ee728b) [PhysX] Initialized MultithreadedTaskDispatcher with 16 workers.
[PhysX] Initialized MultithreadedTaskDispatcher with 16 workers.
 -> (artifact id: 'e4941f8d24747870e9b65548e12c21d7') in 0.036666 seconds
Number of updated asset objects reloaded before import = 0
Number of asset objects unloaded after import = 2
========================================================================
Received Import Request.
  Time since last request: 0.000117 seconds.
  path: Assets/OutOfCirculation/Art/Materials/WitchHouse_Walls.mat
  artifactKey: Guid(5436f616cfdc0e74382766c7a5b9935f) Importer(815301076,1909f56bfc062723c751e8b465ee728b)
Start importing Assets/OutOfCirculation/Art/Materials/WitchHouse_Walls.mat using Guid(5436f616cfdc0e74382766c7a5b9935f) Importer(815301076,1909f56bfc062723c751e8b465ee728b) [PhysX] Initialized MultithreadedTaskDispatcher with 16 workers.
[PhysX] Initialized MultithreadedTaskDispatcher with 16 workers.
 -> (artifact id: 'd0fdf8b05a4056688621e76bb81c714f') in 1.607438 seconds
Number of updated asset objects reloaded before import = 0
Number of asset objects unloaded after import = 7
========================================================================
Received Import Request.
  Time since last request: 0.000092 seconds.
  path: Assets/OutOfCirculation/Art/Images/WitchShop_ScreenPlaceholder.mat
  artifactKey: Guid(de728871762f51040a7c91656bb4fe8d) Importer(815301076,1909f56bfc062723c751e8b465ee728b)
Start importing Assets/OutOfCirculation/Art/Images/WitchShop_ScreenPlaceholder.mat using Guid(de728871762f51040a7c91656bb4fe8d) Importer(815301076,1909f56bfc062723c751e8b465ee728b) [PhysX] Initialized MultithreadedTaskDispatcher with 16 workers.
[PhysX] Initialized MultithreadedTaskDispatcher with 16 workers.
 -> (artifact id: '198d965f2db3c7a8cc1a7cc15ce8129b') in 1.327979 seconds
Number of updated asset objects reloaded before import = 0
Number of asset objects unloaded after import = 3
Editor requested this worker to shutdown with reason: Scaling down because of idle timeout
TcpMessagingSession - receive error
AssetImportWorkerClient::OnTransportError - code=2 error=End of file
AssetImportWorker is now disconnected from the server
Process exiting
Exiting without the bug reporter. Application will terminate with return code 0